[1.070s] DEBUG:colcon:Command line arguments: ['/usr/bin/colcon', 'build', '--packages-select', 'lv_3']
[1.071s] DEBUG:colcon:Parsed command line arguments: Namespace(log_base=None, log_level=None, verb_name='build', build_base='build', install_base='install', merge_install=False, symlink_install=False, test_result_base=None, continue_on_error=False, executor='parallel', parallel_workers=8, event_handlers=None, ignore_user_meta=False, metas=['./colcon.meta'], base_paths=['.'], packages_ignore=None, packages_ignore_regex=None, paths=None, packages_up_to=None, packages_up_to_regex=None, packages_above=None, packages_above_and_dependencies=None, packages_above_depth=None, packages_select_by_dep=None, packages_skip_by_dep=None, packages_skip_up_to=None, packages_select_build_failed=False, packages_skip_build_finished=False, packages_select_test_failures=False, packages_skip_test_passed=False, packages_select=['lv_3'], packages_skip=None, packages_select_regex=None, packages_skip_regex=None, packages_start=None, packages_end=None, allow_overriding=[], cmake_args=None, cmake_target=None, cmake_target_skip_unavailable=False, cmake_clean_cache=False, cmake_clean_first=False, cmake_force_configure=False, ament_cmake_args=None, catkin_cmake_args=None, catkin_skip_building_tests=False, verb_parser=<colcon_defaults.argument_parser.defaults.DefaultArgumentsDecorator object at 0x7014bda27a60>, verb_extension=<colcon_core.verb.build.BuildVerb object at 0x7014bda273a0>, main=<bound method BuildVerb.main of <colcon_core.verb.build.BuildVerb object at 0x7014bda273a0>>)
[1.996s] Level 1:colcon.colcon_core.package_discovery:discover_packages(colcon_meta) check parameters
[1.996s] Level 1:colcon.colcon_core.package_discovery:discover_packages(recursive) check parameters
[1.996s] Level 1:colcon.colcon_core.package_discovery:discover_packages(ignore) check parameters
[1.996s] Level 1:colcon.colcon_core.package_discovery:discover_packages(path) check parameters
[1.996s] Level 1:colcon.colcon_core.package_discovery:discover_packages(colcon_meta) discover
[1.996s] Level 1:colcon.colcon_core.package_discovery:discover_packages(recursive) discover
[1.996s] INFO:colcon.colcon_core.package_discovery:Crawling recursively for packages in '/root/AnkitKumar_horizon_s2/task3/ros2_ws'
[1.997s] Level 1:colcon.colcon_core.package_identification:_identify(.) by extensions ['ignore', 'ignore_ament_install']
[1.998s] Level 1:colcon.colcon_core.package_identification:_identify(.) by extension 'ignore'
[1.998s] Level 1:colcon.colcon_core.package_identification:_identify(.) by extension 'ignore_ament_install'
[1.998s] Level 1:colcon.colcon_core.package_identification:_identify(.) by extensions ['colcon_pkg']
[1.998s] Level 1:colcon.colcon_core.package_identification:_identify(.) by extension 'colcon_pkg'
[1.998s] Level 1:colcon.colcon_core.package_identification:_identify(.) by extensions ['colcon_meta']
[1.998s] Level 1:colcon.colcon_core.package_identification:_identify(.) by extension 'colcon_meta'
[1.998s] Level 1:colcon.colcon_core.package_identification:_identify(.) by extensions ['ros']
[1.998s] Level 1:colcon.colcon_core.package_identification:_identify(.) by extension 'ros'
[2.047s] Level 1:colcon.colcon_core.package_identification:_identify(.) by extensions ['cmake', 'python']
[2.048s] Level 1:colcon.colcon_core.package_identification:_identify(.) by extension 'cmake'
[2.048s] Level 1:colcon.colcon_core.package_identification:_identify(.) by extension 'python'
[2.048s] Level 1:colcon.colcon_core.package_identification:_identify(.) by extensions ['python_setup_py']
[2.048s] Level 1:colcon.colcon_core.package_identification:_identify(.) by extension 'python_setup_py'
[2.048s] Level 1:colcon.colcon_core.package_identification:_identify(build) by extensions ['ignore', 'ignore_ament_install']
[2.049s] Level 1:colcon.colcon_core.package_identification:_identify(build) by extension 'ignore'
[2.049s] Level 1:colcon.colcon_core.package_identification:_identify(build) ignored
[2.049s] Level 1:colcon.colcon_core.package_identification:_identify(install) by extensions ['ignore', 'ignore_ament_install']
[2.049s] Level 1:colcon.colcon_core.package_identification:_identify(install) by extension 'ignore'
[2.049s] Level 1:colcon.colcon_core.package_identification:_identify(install) ignored
[2.049s] Level 1:colcon.colcon_core.package_identification:_identify(log) by extensions ['ignore', 'ignore_ament_install']
[2.050s] Level 1:colcon.colcon_core.package_identification:_identify(log) by extension 'ignore'
[2.050s] Level 1:colcon.colcon_core.package_identification:_identify(log) ignored
[2.050s] Level 1:colcon.colcon_core.package_identification:_identify(src) by extensions ['ignore', 'ignore_ament_install']
[2.050s] Level 1:colcon.colcon_core.package_identification:_identify(src) by extension 'ignore'
[2.050s] Level 1:colcon.colcon_core.package_identification:_identify(src) by extension 'ignore_ament_install'
[2.050s] Level 1:colcon.colcon_core.package_identification:_identify(src) by extensions ['colcon_pkg']
[2.050s] Level 1:colcon.colcon_core.package_identification:_identify(src) by extension 'colcon_pkg'
[2.050s] Level 1:colcon.colcon_core.package_identification:_identify(src) by extensions ['colcon_meta']
[2.050s] Level 1:colcon.colcon_core.package_identification:_identify(src) by extension 'colcon_meta'
[2.051s] Level 1:colcon.colcon_core.package_identification:_identify(src) by extensions ['ros']
[2.051s] Level 1:colcon.colcon_core.package_identification:_identify(src) by extension 'ros'
[2.051s] Level 1:colcon.colcon_core.package_identification:_identify(src) by extensions ['cmake', 'python']
[2.051s] Level 1:colcon.colcon_core.package_identification:_identify(src) by extension 'cmake'
[2.051s] Level 1:colcon.colcon_core.package_identification:_identify(src) by extension 'python'
[2.051s] Level 1:colcon.colcon_core.package_identification:_identify(src) by extensions ['python_setup_py']
[2.051s] Level 1:colcon.colcon_core.package_identification:_identify(src) by extension 'python_setup_py'
[2.051s] Level 1:colcon.colcon_core.package_identification:_identify(src/bonus_rover_task) by extensions ['ignore', 'ignore_ament_install']
[2.051s] Level 1:colcon.colcon_core.package_identification:_identify(src/bonus_rover_task) by extension 'ignore'
[2.052s] Level 1:colcon.colcon_core.package_identification:_identify(src/bonus_rover_task) by extension 'ignore_ament_install'
[2.052s] Level 1:colcon.colcon_core.package_identification:_identify(src/bonus_rover_task) by extensions ['colcon_pkg']
[2.052s] Level 1:colcon.colcon_core.package_identification:_identify(src/bonus_rover_task) by extension 'colcon_pkg'
[2.052s] Level 1:colcon.colcon_core.package_identification:_identify(src/bonus_rover_task) by extensions ['colcon_meta']
[2.052s] Level 1:colcon.colcon_core.package_identification:_identify(src/bonus_rover_task) by extension 'colcon_meta'
[2.052s] Level 1:colcon.colcon_core.package_identification:_identify(src/bonus_rover_task) by extensions ['ros']
[2.052s] Level 1:colcon.colcon_core.package_identification:_identify(src/bonus_rover_task) by extension 'ros'
[2.077s] DEBUG:colcon.colcon_core.package_identification:Package 'src/bonus_rover_task' with type 'ros.ament_python' and name 'bonus_rover_task'
[2.077s] Level 1:colcon.colcon_core.package_identification:_identify(src/lv_3) by extensions ['ignore', 'ignore_ament_install']
[2.078s] Level 1:colcon.colcon_core.package_identification:_identify(src/lv_3) by extension 'ignore'
[2.078s] Level 1:colcon.colcon_core.package_identification:_identify(src/lv_3) by extension 'ignore_ament_install'
[2.078s] Level 1:colcon.colcon_core.package_identification:_identify(src/lv_3) by extensions ['colcon_pkg']
[2.078s] Level 1:colcon.colcon_core.package_identification:_identify(src/lv_3) by extension 'colcon_pkg'
[2.078s] Level 1:colcon.colcon_core.package_identification:_identify(src/lv_3) by extensions ['colcon_meta']
[2.078s] Level 1:colcon.colcon_core.package_identification:_identify(src/lv_3) by extension 'colcon_meta'
[2.078s] Level 1:colcon.colcon_core.package_identification:_identify(src/lv_3) by extensions ['ros']
[2.078s] Level 1:colcon.colcon_core.package_identification:_identify(src/lv_3) by extension 'ros'
[2.080s] DEBUG:colcon.colcon_core.package_identification:Package 'src/lv_3' with type 'ros.ament_python' and name 'lv_3'
[2.080s] Level 1:colcon.colcon_core.package_discovery:discover_packages(recursive) using defaults
[2.081s] Level 1:colcon.colcon_core.package_discovery:discover_packages(ignore) discover
[2.081s] Level 1:colcon.colcon_core.package_discovery:discover_packages(ignore) using defaults
[2.081s] Level 1:colcon.colcon_core.package_discovery:discover_packages(path) discover
[2.081s] Level 1:colcon.colcon_core.package_discovery:discover_packages(path) using defaults
[2.200s] INFO:colcon.colcon_core.package_selection:Skipping not selected package 'bonus_rover_task' in 'src/bonus_rover_task'
[2.202s] Level 1:colcon.colcon_core.package_discovery:discover_packages(prefix_path) check parameters
[2.202s] Level 1:colcon.colcon_core.package_discovery:discover_packages(prefix_path) discover
[2.208s] WARNING:colcon.colcon_ros.prefix_path.ament:The path '/root/AnkitKumar_horizon_s2/task3/ros2_ws/install/bonus_rover_task' in the environment variable AMENT_PREFIX_PATH doesn't exist
[2.209s] WARNING:colcon.colcon_ros.prefix_path.ament:The path '/root/AnkitKumar_horizon_s2/task3/ros2_ws/install/rover_control' in the environment variable AMENT_PREFIX_PATH doesn't exist
[2.214s] DEBUG:colcon.colcon_installed_package_information.package_discovery:Found 1 installed packages in /root/AnkitKumar_horizon_s2/install
[2.216s] DEBUG:colcon.colcon_installed_package_information.package_discovery:Found 1 installed packages in /root/AnkitKumar_horizon_s2/task3/ros2_ws/install
[2.225s] DEBUG:colcon.colcon_installed_package_information.package_discovery:Found 273 installed packages in /opt/ros/humble
[2.229s] Level 1:colcon.colcon_core.package_discovery:discover_packages(prefix_path) using defaults
[2.546s] Level 5:colcon.colcon_core.verb:set package 'lv_3' build argument 'cmake_args' from command line to 'None'
[2.546s] Level 5:colcon.colcon_core.verb:set package 'lv_3' build argument 'cmake_target' from command line to 'None'
[2.547s] Level 5:colcon.colcon_core.verb:set package 'lv_3' build argument 'cmake_target_skip_unavailable' from command line to 'False'
[2.547s] Level 5:colcon.colcon_core.verb:set package 'lv_3' build argument 'cmake_clean_cache' from command line to 'False'
[2.547s] Level 5:colcon.colcon_core.verb:set package 'lv_3' build argument 'cmake_clean_first' from command line to 'False'
[2.547s] Level 5:colcon.colcon_core.verb:set package 'lv_3' build argument 'cmake_force_configure' from command line to 'False'
[2.547s] Level 5:colcon.colcon_core.verb:set package 'lv_3' build argument 'ament_cmake_args' from command line to 'None'
[2.548s] Level 5:colcon.colcon_core.verb:set package 'lv_3' build argument 'catkin_cmake_args' from command line to 'None'
[2.548s] Level 5:colcon.colcon_core.verb:set package 'lv_3' build argument 'catkin_skip_building_tests' from command line to 'False'
[2.548s] DEBUG:colcon.colcon_core.verb:Building package 'lv_3' with the following arguments: {'ament_cmake_args': None, 'build_base': '/root/AnkitKumar_horizon_s2/task3/ros2_ws/build/lv_3', 'catkin_cmake_args': None, 'catkin_skip_building_tests': False, 'cmake_args': None, 'cmake_clean_cache': False, 'cmake_clean_first': False, 'cmake_force_configure': False, 'cmake_target': None, 'cmake_target_skip_unavailable': False, 'install_base': '/root/AnkitKumar_horizon_s2/task3/ros2_ws/install/lv_3', 'merge_install': False, 'path': '/root/AnkitKumar_horizon_s2/task3/ros2_ws/src/lv_3', 'symlink_install': False, 'test_result_base': None}
[2.548s] INFO:colcon.colcon_core.executor:Executing jobs using 'parallel' executor
[2.554s] DEBUG:colcon.colcon_parallel_executor.executor.parallel:run_until_complete
[2.555s] INFO:colcon.colcon_ros.task.ament_python.build:Building ROS package in '/root/AnkitKumar_horizon_s2/task3/ros2_ws/src/lv_3' with build type 'ament_python'
[2.557s] Level 1:colcon.colcon_core.shell:create_environment_hook('lv_3', 'ament_prefix_path')
[2.588s] INFO:colcon.colcon_core.plugin_system:Skipping extension 'colcon_core.shell.bat': Not used on non-Windows systems
[2.589s] INFO:colcon.colcon_core.shell:Creating environment hook '/root/AnkitKumar_horizon_s2/task3/ros2_ws/install/lv_3/share/lv_3/hook/ament_prefix_path.ps1'
[2.591s] INFO:colcon.colcon_core.shell:Creating environment descriptor '/root/AnkitKumar_horizon_s2/task3/ros2_ws/install/lv_3/share/lv_3/hook/ament_prefix_path.dsv'
[2.594s] INFO:colcon.colcon_core.shell:Creating environment hook '/root/AnkitKumar_horizon_s2/task3/ros2_ws/install/lv_3/share/lv_3/hook/ament_prefix_path.sh'
[2.597s] INFO:colcon.colcon_core.shell:Skip shell extension 'powershell' for command environment: Not usable outside of PowerShell
[2.598s] DEBUG:colcon.colcon_core.shell:Skip shell extension 'dsv' for command environment
[3.229s] INFO:colcon.colcon_core.task.python.build:Building Python package in '/root/AnkitKumar_horizon_s2/task3/ros2_ws/src/lv_3'
[3.230s] INFO:colcon.colcon_core.shell:Skip shell extension 'powershell' for command environment: Not usable outside of PowerShell
[3.230s] DEBUG:colcon.colcon_core.shell:Skip shell extension 'dsv' for command environment
[4.909s] DEBUG:colcon.colcon_core.event_handler.log_command:Invoking command in '/root/AnkitKumar_horizon_s2/task3/ros2_ws/src/lv_3': PYTHONPATH=/root/AnkitKumar_horizon_s2/task3/ros2_ws/build/lv_3/prefix_override:/usr/lib/python3/dist-packages/colcon_core/task/python/colcon_distutils_commands:/root/AnkitKumar_horizon_s2/task3/ros2_ws/install/lv_3/lib/python3.10/site-packages:${PYTHONPATH} /usr/bin/python3 -W ignore:setup.py install is deprecated -W ignore:easy_install command is deprecated setup.py egg_info --egg-base ../../build/lv_3 build --build-base /root/AnkitKumar_horizon_s2/task3/ros2_ws/build/lv_3/build install --record /root/AnkitKumar_horizon_s2/task3/ros2_ws/build/lv_3/install.log --single-version-externally-managed install_data
[6.372s] DEBUG:colcon.colcon_core.event_handler.log_command:Invoked command in '/root/AnkitKumar_horizon_s2/task3/ros2_ws/src/lv_3' returned '0': PYTHONPATH=/root/AnkitKumar_horizon_s2/task3/ros2_ws/build/lv_3/prefix_override:/usr/lib/python3/dist-packages/colcon_core/task/python/colcon_distutils_commands:/root/AnkitKumar_horizon_s2/task3/ros2_ws/install/lv_3/lib/python3.10/site-packages:${PYTHONPATH} /usr/bin/python3 -W ignore:setup.py install is deprecated -W ignore:easy_install command is deprecated setup.py egg_info --egg-base ../../build/lv_3 build --build-base /root/AnkitKumar_horizon_s2/task3/ros2_ws/build/lv_3/build install --record /root/AnkitKumar_horizon_s2/task3/ros2_ws/build/lv_3/install.log --single-version-externally-managed install_data
[6.410s] Level 1:colcon.colcon_core.environment:checking '/root/AnkitKumar_horizon_s2/task3/ros2_ws/install/lv_3' for CMake module files
[6.439s] Level 1:colcon.colcon_core.environment:checking '/root/AnkitKumar_horizon_s2/task3/ros2_ws/install/lv_3' for CMake config files
[6.442s] Level 1:colcon.colcon_core.environment:checking '/root/AnkitKumar_horizon_s2/task3/ros2_ws/install/lv_3/lib'
[6.442s] Level 1:colcon.colcon_core.environment:checking '/root/AnkitKumar_horizon_s2/task3/ros2_ws/install/lv_3/bin'
[6.443s] Level 1:colcon.colcon_core.environment:checking '/root/AnkitKumar_horizon_s2/task3/ros2_ws/install/lv_3/lib/pkgconfig/lv_3.pc'
[6.460s] Level 1:colcon.colcon_core.environment:checking '/root/AnkitKumar_horizon_s2/task3/ros2_ws/install/lv_3/lib/python3.10/site-packages'
[6.461s] Level 1:colcon.colcon_core.shell:create_environment_hook('lv_3', 'pythonpath')
[6.462s] INFO:colcon.colcon_core.shell:Creating environment hook '/root/AnkitKumar_horizon_s2/task3/ros2_ws/install/lv_3/share/lv_3/hook/pythonpath.ps1'
[6.464s] INFO:colcon.colcon_core.shell:Creating environment descriptor '/root/AnkitKumar_horizon_s2/task3/ros2_ws/install/lv_3/share/lv_3/hook/pythonpath.dsv'
[6.466s] INFO:colcon.colcon_core.shell:Creating environment hook '/root/AnkitKumar_horizon_s2/task3/ros2_ws/install/lv_3/share/lv_3/hook/pythonpath.sh'
[6.469s] Level 1:colcon.colcon_core.environment:checking '/root/AnkitKumar_horizon_s2/task3/ros2_ws/install/lv_3/bin'
[6.469s] Level 1:colcon.colcon_core.environment:create_environment_scripts_only(lv_3)
[6.480s] INFO:colcon.colcon_core.shell:Creating package script '/root/AnkitKumar_horizon_s2/task3/ros2_ws/install/lv_3/share/lv_3/package.ps1'
[6.484s] INFO:colcon.colcon_core.shell:Creating package descriptor '/root/AnkitKumar_horizon_s2/task3/ros2_ws/install/lv_3/share/lv_3/package.dsv'
[6.496s] INFO:colcon.colcon_core.shell:Creating package script '/root/AnkitKumar_horizon_s2/task3/ros2_ws/install/lv_3/share/lv_3/package.sh'
[6.500s] INFO:colcon.colcon_core.shell:Creating package script '/root/AnkitKumar_horizon_s2/task3/ros2_ws/install/lv_3/share/lv_3/package.bash'
[6.528s] INFO:colcon.colcon_core.shell:Creating package script '/root/AnkitKumar_horizon_s2/task3/ros2_ws/install/lv_3/share/lv_3/package.zsh'
[6.532s] Level 1:colcon.colcon_core.environment:create_file_with_runtime_dependencies(/root/AnkitKumar_horizon_s2/task3/ros2_ws/install/lv_3/share/colcon-core/packages/lv_3)
[6.550s] DEBUG:colcon.colcon_parallel_executor.executor.parallel:closing loop
[6.553s] DEBUG:colcon.colcon_parallel_executor.executor.parallel:loop closed
[6.553s] DEBUG:colcon.colcon_parallel_executor.executor.parallel:run_until_complete finished with '0'
[6.553s] DEBUG:colcon.colcon_core.event_reactor:joining thread
[6.978s] INFO:colcon.colcon_core.plugin_system:Skipping extension 'colcon_notification.desktop_notification.notify_send': Could not find 'notify-send'
[6.979s] INFO:colcon.colcon_core.plugin_system:Skipping extension 'colcon_notification.desktop_notification.terminal_notifier': Not used on non-Darwin systems
[6.979s] INFO:colcon.colcon_core.plugin_system:Skipping extension 'colcon_notification.desktop_notification.win32': Not used on non-Windows systems
[6.979s] INFO:colcon.colcon_notification.desktop_notification:Sending desktop notification using 'notify2'
[6.982s] DEBUG:colcon.colcon_notification.desktop_notification.notify2:Failed to initialize notify2: org.freedesktop.DBus.Error.FileNotFound: Failed to connect to socket /run/user/0/bus: No such file or directory
[6.983s] DEBUG:colcon.colcon_core.event_reactor:joined thread
[6.983s] INFO:colcon.colcon_core.shell:Creating prefix script '/root/AnkitKumar_horizon_s2/task3/ros2_ws/install/local_setup.ps1'
[6.989s] INFO:colcon.colcon_core.shell:Creating prefix util module '/root/AnkitKumar_horizon_s2/task3/ros2_ws/install/_local_setup_util_ps1.py'
[6.997s] INFO:colcon.colcon_core.shell:Creating prefix chain script '/root/AnkitKumar_horizon_s2/task3/ros2_ws/install/setup.ps1'
[7.007s] INFO:colcon.colcon_core.shell:Creating prefix script '/root/AnkitKumar_horizon_s2/task3/ros2_ws/install/local_setup.sh'
[7.010s] INFO:colcon.colcon_core.shell:Creating prefix util module '/root/AnkitKumar_horizon_s2/task3/ros2_ws/install/_local_setup_util_sh.py'
[7.012s] INFO:colcon.colcon_core.shell:Creating prefix chain script '/root/AnkitKumar_horizon_s2/task3/ros2_ws/install/setup.sh'
[7.016s] INFO:colcon.colcon_core.shell:Creating prefix script '/root/AnkitKumar_horizon_s2/task3/ros2_ws/install/local_setup.bash'
[7.018s] INFO:colcon.colcon_core.shell:Creating prefix chain script '/root/AnkitKumar_horizon_s2/task3/ros2_ws/install/setup.bash'
[7.024s] INFO:colcon.colcon_core.shell:Creating prefix script '/root/AnkitKumar_horizon_s2/task3/ros2_ws/install/local_setup.zsh'
[7.027s] INFO:colcon.colcon_core.shell:Creating prefix chain script '/root/AnkitKumar_horizon_s2/task3/ros2_ws/install/setup.zsh'
