/root/AnkitKumar_horizon_s2/task3/ros2_ws/install/rover_control/lib/python3.10/site-packages/rover_control/sensor_node.py
/root/AnkitKumar_horizon_s2/task3/ros2_ws/install/rover_control/lib/python3.10/site-packages/rover_control/__init__.py
/root/AnkitKumar_horizon_s2/task3/ros2_ws/install/rover_control/lib/python3.10/site-packages/rover_control/listener_node.py
/root/AnkitKumar_horizon_s2/task3/ros2_ws/install/rover_control/lib/python3.10/site-packages/rover_control/decision_node.py
/root/AnkitKumar_horizon_s2/task3/ros2_ws/install/rover_control/lib/python3.10/site-packages/rover_control/__pycache__/sensor_node.cpython-310.pyc
/root/AnkitKumar_horizon_s2/task3/ros2_ws/install/rover_control/lib/python3.10/site-packages/rover_control/__pycache__/__init__.cpython-310.pyc
/root/AnkitKumar_horizon_s2/task3/ros2_ws/install/rover_control/lib/python3.10/site-packages/rover_control/__pycache__/listener_node.cpython-310.pyc
/root/AnkitKumar_horizon_s2/task3/ros2_ws/install/rover_control/lib/python3.10/site-packages/rover_control/__pycache__/decision_node.cpython-310.pyc
/root/AnkitKumar_horizon_s2/task3/ros2_ws/install/rover_control/share/ament_index/resource_index/packages/rover_control
/root/AnkitKumar_horizon_s2/task3/ros2_ws/install/rover_control/share/rover_control/package.xml
/root/AnkitKumar_horizon_s2/task3/ros2_ws/install/rover_control/lib/python3.10/site-packages/rover_control-0.0.0-py3.10.egg-info/top_level.txt
/root/AnkitKumar_horizon_s2/task3/ros2_ws/install/rover_control/lib/python3.10/site-packages/rover_control-0.0.0-py3.10.egg-info/entry_points.txt
/root/AnkitKumar_horizon_s2/task3/ros2_ws/install/rover_control/lib/python3.10/site-packages/rover_control-0.0.0-py3.10.egg-info/zip-safe
/root/AnkitKumar_horizon_s2/task3/ros2_ws/install/rover_control/lib/python3.10/site-packages/rover_control-0.0.0-py3.10.egg-info/PKG-INFO
/root/AnkitKumar_horizon_s2/task3/ros2_ws/install/rover_control/lib/python3.10/site-packages/rover_control-0.0.0-py3.10.egg-info/requires.txt
/root/AnkitKumar_horizon_s2/task3/ros2_ws/install/rover_control/lib/python3.10/site-packages/rover_control-0.0.0-py3.10.egg-info/dependency_links.txt
/root/AnkitKumar_horizon_s2/task3/ros2_ws/install/rover_control/lib/python3.10/site-packages/rover_control-0.0.0-py3.10.egg-info/SOURCES.txt
/root/AnkitKumar_horizon_s2/task3/ros2_ws/install/rover_control/lib/rover_control/decision_node
/root/AnkitKumar_horizon_s2/task3/ros2_ws/install/rover_control/lib/rover_control/listener_node
/root/AnkitKumar_horizon_s2/task3/ros2_ws/install/rover_control/lib/rover_control/sensor_node
