[2.350s] Invoking command in '/root/AnkitKumar_horizon_s2/task3/ros2_ws/src/lv_3': PYTHONPATH=/root/AnkitKumar_horizon_s2/task3/ros2_ws/build/lv_3/prefix_override:/usr/lib/python3/dist-packages/colcon_core/task/python/colcon_distutils_commands:/root/AnkitKumar_horizon_s2/task3/ros2_ws/install/lv_3/lib/python3.10/site-packages:${PYTHONPATH} /usr/bin/python3 -W ignore:setup.py install is deprecated -W ignore:easy_install command is deprecated setup.py egg_info --egg-base ../../build/lv_3 build --build-base /root/AnkitKumar_horizon_s2/task3/ros2_ws/build/lv_3/build install --record /root/AnkitKumar_horizon_s2/task3/ros2_ws/build/lv_3/install.log --single-version-externally-managed install_data
[3.437s] running egg_info
[3.442s] writing ../../build/lv_3/lv_3.egg-info/PKG-INFO
[3.444s] writing dependency_links to ../../build/lv_3/lv_3.egg-info/dependency_links.txt
[3.445s] writing entry points to ../../build/lv_3/lv_3.egg-info/entry_points.txt
[3.448s] writing requirements to ../../build/lv_3/lv_3.egg-info/requires.txt
[3.449s] writing top-level names to ../../build/lv_3/lv_3.egg-info/top_level.txt
[3.455s] reading manifest file '../../build/lv_3/lv_3.egg-info/SOURCES.txt'
[3.459s] writing manifest file '../../build/lv_3/lv_3.egg-info/SOURCES.txt'
[3.459s] running build
[3.459s] running build_py
[3.460s] running install
[3.462s] running install_lib
[3.467s] running install_data
[3.467s] running install_egg_info
[3.474s] removing '/root/AnkitKumar_horizon_s2/task3/ros2_ws/install/lv_3/lib/python3.10/site-packages/lv_3-0.0.0-py3.10.egg-info' (and everything under it)
[3.475s] Copying ../../build/lv_3/lv_3.egg-info to /root/AnkitKumar_horizon_s2/task3/ros2_ws/install/lv_3/lib/python3.10/site-packages/lv_3-0.0.0-py3.10.egg-info
[3.483s] running install_scripts
[3.624s] Installing distance_publisher script to /root/AnkitKumar_horizon_s2/task3/ros2_ws/install/lv_3/lib/lv_3
[3.642s] Installing distance_subscriber script to /root/AnkitKumar_horizon_s2/task3/ros2_ws/install/lv_3/lib/lv_3
[3.642s] writing list of installed files to '/root/AnkitKumar_horizon_s2/task3/ros2_ws/build/lv_3/install.log'
[3.813s] Invoked command in '/root/AnkitKumar_horizon_s2/task3/ros2_ws/src/lv_3' returned '0': PYTHONPATH=/root/AnkitKumar_horizon_s2/task3/ros2_ws/build/lv_3/prefix_override:/usr/lib/python3/dist-packages/colcon_core/task/python/colcon_distutils_commands:/root/AnkitKumar_horizon_s2/task3/ros2_ws/install/lv_3/lib/python3.10/site-packages:${PYTHONPATH} /usr/bin/python3 -W ignore:setup.py install is deprecated -W ignore:easy_install command is deprecated setup.py egg_info --egg-base ../../build/lv_3 build --build-base /root/AnkitKumar_horizon_s2/task3/ros2_ws/build/lv_3/build install --record /root/AnkitKumar_horizon_s2/task3/ros2_ws/build/lv_3/install.log --single-version-externally-managed install_data
