[1.232s] DEBUG:colcon:Command line arguments: ['/usr/bin/colcon', 'build', '--packages-select', 'rover_control']
[1.233s] DEBUG:colcon:Parsed command line arguments: Namespace(log_base=None, log_level=None, verb_name='build', build_base='build', install_base='install', merge_install=False, symlink_install=False, test_result_base=None, continue_on_error=False, executor='parallel', parallel_workers=8, event_handlers=None, ignore_user_meta=False, metas=['./colcon.meta'], base_paths=['.'], packages_ignore=None, packages_ignore_regex=None, paths=None, packages_up_to=None, packages_up_to_regex=None, packages_above=None, packages_above_and_dependencies=None, packages_above_depth=None, packages_select_by_dep=None, packages_skip_by_dep=None, packages_skip_up_to=None, packages_select_build_failed=False, packages_skip_build_finished=False, packages_select_test_failures=False, packages_skip_test_passed=False, packages_select=['rover_control'], packages_skip=None, packages_select_regex=None, packages_skip_regex=None, packages_start=None, packages_end=None, allow_overriding=[], cmake_args=None, cmake_target=None, cmake_target_skip_unavailable=False, cmake_clean_cache=False, cmake_clean_first=False, cmake_force_configure=False, ament_cmake_args=None, catkin_cmake_args=None, catkin_skip_building_tests=False, verb_parser=<colcon_defaults.argument_parser.defaults.DefaultArgumentsDecorator object at 0x730034e0b460>, verb_extension=<colcon_core.verb.build.BuildVerb object at 0x730034e0ada0>, main=<bound method BuildVerb.main of <colcon_core.verb.build.BuildVerb object at 0x730034e0ada0>>)
[2.314s] Level 1:colcon.colcon_core.package_discovery:discover_packages(colcon_meta) check parameters
[2.315s] Level 1:colcon.colcon_core.package_discovery:discover_packages(recursive) check parameters
[2.315s] Level 1:colcon.colcon_core.package_discovery:discover_packages(ignore) check parameters
[2.315s] Level 1:colcon.colcon_core.package_discovery:discover_packages(path) check parameters
[2.315s] Level 1:colcon.colcon_core.package_discovery:discover_packages(colcon_meta) discover
[2.315s] Level 1:colcon.colcon_core.package_discovery:discover_packages(recursive) discover
[2.315s] INFO:colcon.colcon_core.package_discovery:Crawling recursively for packages in '/root/AnkitKumar_horizon_s2'
[2.315s] Level 1:colcon.colcon_core.package_identification:_identify(.) by extensions ['ignore', 'ignore_ament_install']
[2.315s] Level 1:colcon.colcon_core.package_identification:_identify(.) by extension 'ignore'
[2.316s] Level 1:colcon.colcon_core.package_identification:_identify(.) by extension 'ignore_ament_install'
[2.317s] Level 1:colcon.colcon_core.package_identification:_identify(.) by extensions ['colcon_pkg']
[2.317s] Level 1:colcon.colcon_core.package_identification:_identify(.) by extension 'colcon_pkg'
[2.317s] Level 1:colcon.colcon_core.package_identification:_identify(.) by extensions ['colcon_meta']
[2.317s] Level 1:colcon.colcon_core.package_identification:_identify(.) by extension 'colcon_meta'
[2.317s] Level 1:colcon.colcon_core.package_identification:_identify(.) by extensions ['ros']
[2.317s] Level 1:colcon.colcon_core.package_identification:_identify(.) by extension 'ros'
[2.372s] Level 1:colcon.colcon_core.package_identification:_identify(.) by extensions ['cmake', 'python']
[2.372s] Level 1:colcon.colcon_core.package_identification:_identify(.) by extension 'cmake'
[2.372s] Level 1:colcon.colcon_core.package_identification:_identify(.) by extension 'python'
[2.373s] Level 1:colcon.colcon_core.package_identification:_identify(.) by extensions ['python_setup_py']
[2.373s] Level 1:colcon.colcon_core.package_identification:_identify(.) by extension 'python_setup_py'
[2.920s] ERROR:colcon.colcon_core.package_identification:Exception in package identification extension 'python_setup_py' in '.': Command '['/usr/bin/python3', '-c', 'import sys;from contextlib import suppress;exec("with suppress(ImportError):    from setuptools.extern.packaging.specifiers    import SpecifierSet");exec("with suppress(ImportError):    from packaging.specifiers import SpecifierSet");from distutils.core import run_setup;dist = run_setup(    \'setup.py\', script_args=(\'--dry-run\',), stop_after=\'config\');skip_keys = (\'cmdclass\', \'distclass\', \'ext_modules\', \'metadata\');data = {    key: value for key, value in dist.__dict__.items()     if (        not key.startswith(\'_\') and         not callable(value) and         key not in skip_keys and         key not in dist.display_option_names    )};data[\'metadata\'] = {    k: v for k, v in dist.metadata.__dict__.items()     if k not in (\'license_files\', \'provides_extras\')};sys.stdout.buffer.write(repr(data).encode(\'utf-8\'))']' returned non-zero exit status 1.
Traceback (most recent call last):
  File "/usr/lib/python3/dist-packages/colcon_core/package_identification/__init__.py", line 144, in _identify
    retval = extension.identify(_reused_descriptor_instance)
  File "/usr/lib/python3/dist-packages/colcon_python_setup_py/package_identification/python_setup_py.py", line 48, in identify
    config = get_setup_information(setup_py)
  File "/usr/lib/python3/dist-packages/colcon_python_setup_py/package_identification/python_setup_py.py", line 249, in get_setup_information
    _setup_information_cache[hashable_env] = _get_setup_information(
  File "/usr/lib/python3/dist-packages/colcon_python_setup_py/package_identification/python_setup_py.py", line 296, in _get_setup_information
    result = subprocess.run(
  File "/usr/lib/python3.10/subprocess.py", line 526, in run
    raise CalledProcessError(retcode, process.args,
subprocess.CalledProcessError: Command '['/usr/bin/python3', '-c', 'import sys;from contextlib import suppress;exec("with suppress(ImportError):    from setuptools.extern.packaging.specifiers    import SpecifierSet");exec("with suppress(ImportError):    from packaging.specifiers import SpecifierSet");from distutils.core import run_setup;dist = run_setup(    \'setup.py\', script_args=(\'--dry-run\',), stop_after=\'config\');skip_keys = (\'cmdclass\', \'distclass\', \'ext_modules\', \'metadata\');data = {    key: value for key, value in dist.__dict__.items()     if (        not key.startswith(\'_\') and         not callable(value) and         key not in skip_keys and         key not in dist.display_option_names    )};data[\'metadata\'] = {    k: v for k, v in dist.metadata.__dict__.items()     if k not in (\'license_files\', \'provides_extras\')};sys.stdout.buffer.write(repr(data).encode(\'utf-8\'))']' returned non-zero exit status 1.

[2.920s] Level 1:colcon.colcon_core.package_identification:_identify(build) by extensions ['ignore', 'ignore_ament_install']
[2.921s] Level 1:colcon.colcon_core.package_identification:_identify(build) by extension 'ignore'
[2.921s] Level 1:colcon.colcon_core.package_identification:_identify(build) ignored
[2.921s] Level 1:colcon.colcon_core.package_identification:_identify(install) by extensions ['ignore', 'ignore_ament_install']
[2.921s] Level 1:colcon.colcon_core.package_identification:_identify(install) by extension 'ignore'
[2.921s] Level 1:colcon.colcon_core.package_identification:_identify(install) ignored
[2.921s] Level 1:colcon.colcon_core.package_identification:_identify(log) by extensions ['ignore', 'ignore_ament_install']
[2.921s] Level 1:colcon.colcon_core.package_identification:_identify(log) by extension 'ignore'
[2.921s] Level 1:colcon.colcon_core.package_identification:_identify(log) ignored
[2.923s] Level 1:colcon.colcon_core.package_identification:_identify(task1) by extensions ['ignore', 'ignore_ament_install']
[2.923s] Level 1:colcon.colcon_core.package_identification:_identify(task1) by extension 'ignore'
[2.924s] Level 1:colcon.colcon_core.package_identification:_identify(task1) by extension 'ignore_ament_install'
[2.925s] Level 1:colcon.colcon_core.package_identification:_identify(task1) by extensions ['colcon_pkg']
[2.925s] Level 1:colcon.colcon_core.package_identification:_identify(task1) by extension 'colcon_pkg'
[2.926s] Level 1:colcon.colcon_core.package_identification:_identify(task1) by extensions ['colcon_meta']
[2.926s] Level 1:colcon.colcon_core.package_identification:_identify(task1) by extension 'colcon_meta'
[2.926s] Level 1:colcon.colcon_core.package_identification:_identify(task1) by extensions ['ros']
[2.926s] Level 1:colcon.colcon_core.package_identification:_identify(task1) by extension 'ros'
[2.927s] Level 1:colcon.colcon_core.package_identification:_identify(task1) by extensions ['cmake', 'python']
[2.927s] Level 1:colcon.colcon_core.package_identification:_identify(task1) by extension 'cmake'
[2.928s] Level 1:colcon.colcon_core.package_identification:_identify(task1) by extension 'python'
[2.928s] Level 1:colcon.colcon_core.package_identification:_identify(task1) by extensions ['python_setup_py']
[2.929s] Level 1:colcon.colcon_core.package_identification:_identify(task1) by extension 'python_setup_py'
[2.930s] Level 1:colcon.colcon_core.package_identification:_identify(task2) by extensions ['ignore', 'ignore_ament_install']
[2.931s] Level 1:colcon.colcon_core.package_identification:_identify(task2) by extension 'ignore'
[2.931s] Level 1:colcon.colcon_core.package_identification:_identify(task2) by extension 'ignore_ament_install'
[2.932s] Level 1:colcon.colcon_core.package_identification:_identify(task2) by extensions ['colcon_pkg']
[2.932s] Level 1:colcon.colcon_core.package_identification:_identify(task2) by extension 'colcon_pkg'
[2.932s] Level 1:colcon.colcon_core.package_identification:_identify(task2) by extensions ['colcon_meta']
[2.932s] Level 1:colcon.colcon_core.package_identification:_identify(task2) by extension 'colcon_meta'
[2.932s] Level 1:colcon.colcon_core.package_identification:_identify(task2) by extensions ['ros']
[2.932s] Level 1:colcon.colcon_core.package_identification:_identify(task2) by extension 'ros'
[2.933s] Level 1:colcon.colcon_core.package_identification:_identify(task2) by extensions ['cmake', 'python']
[2.933s] Level 1:colcon.colcon_core.package_identification:_identify(task2) by extension 'cmake'
[2.933s] Level 1:colcon.colcon_core.package_identification:_identify(task2) by extension 'python'
[2.933s] Level 1:colcon.colcon_core.package_identification:_identify(task2) by extensions ['python_setup_py']
[2.933s] Level 1:colcon.colcon_core.package_identification:_identify(task2) by extension 'python_setup_py'
[2.934s] Level 1:colcon.colcon_core.package_identification:_identify(task3) by extensions ['ignore', 'ignore_ament_install']
[2.934s] Level 1:colcon.colcon_core.package_identification:_identify(task3) by extension 'ignore'
[2.935s] Level 1:colcon.colcon_core.package_identification:_identify(task3) by extension 'ignore_ament_install'
[2.935s] Level 1:colcon.colcon_core.package_identification:_identify(task3) by extensions ['colcon_pkg']
[2.935s] Level 1:colcon.colcon_core.package_identification:_identify(task3) by extension 'colcon_pkg'
[2.935s] Level 1:colcon.colcon_core.package_identification:_identify(task3) by extensions ['colcon_meta']
[2.935s] Level 1:colcon.colcon_core.package_identification:_identify(task3) by extension 'colcon_meta'
[2.935s] Level 1:colcon.colcon_core.package_identification:_identify(task3) by extensions ['ros']
[2.935s] Level 1:colcon.colcon_core.package_identification:_identify(task3) by extension 'ros'
[2.936s] Level 1:colcon.colcon_core.package_identification:_identify(task3) by extensions ['cmake', 'python']
[2.937s] Level 1:colcon.colcon_core.package_identification:_identify(task3) by extension 'cmake'
[2.937s] Level 1:colcon.colcon_core.package_identification:_identify(task3) by extension 'python'
[2.937s] Level 1:colcon.colcon_core.package_identification:_identify(task3) by extensions ['python_setup_py']
[2.937s] Level 1:colcon.colcon_core.package_identification:_identify(task3) by extension 'python_setup_py'
[2.938s] Level 1:colcon.colcon_core.package_identification:_identify(task3/ros2_ws) by extensions ['ignore', 'ignore_ament_install']
[2.939s] Level 1:colcon.colcon_core.package_identification:_identify(task3/ros2_ws) by extension 'ignore'
[2.939s] Level 1:colcon.colcon_core.package_identification:_identify(task3/ros2_ws) by extension 'ignore_ament_install'
[2.939s] Level 1:colcon.colcon_core.package_identification:_identify(task3/ros2_ws) by extensions ['colcon_pkg']
[2.939s] Level 1:colcon.colcon_core.package_identification:_identify(task3/ros2_ws) by extension 'colcon_pkg'
[2.939s] Level 1:colcon.colcon_core.package_identification:_identify(task3/ros2_ws) by extensions ['colcon_meta']
[2.939s] Level 1:colcon.colcon_core.package_identification:_identify(task3/ros2_ws) by extension 'colcon_meta'
[2.939s] Level 1:colcon.colcon_core.package_identification:_identify(task3/ros2_ws) by extensions ['ros']
[2.939s] Level 1:colcon.colcon_core.package_identification:_identify(task3/ros2_ws) by extension 'ros'
[2.939s] Level 1:colcon.colcon_core.package_identification:_identify(task3/ros2_ws) by extensions ['cmake', 'python']
[2.939s] Level 1:colcon.colcon_core.package_identification:_identify(task3/ros2_ws) by extension 'cmake'
[2.939s] Level 1:colcon.colcon_core.package_identification:_identify(task3/ros2_ws) by extension 'python'
[2.939s] Level 1:colcon.colcon_core.package_identification:_identify(task3/ros2_ws) by extensions ['python_setup_py']
[2.939s] Level 1:colcon.colcon_core.package_identification:_identify(task3/ros2_ws) by extension 'python_setup_py'
[2.941s] Level 1:colcon.colcon_core.package_identification:_identify(task3/ros2_ws/build) by extensions ['ignore', 'ignore_ament_install']
[2.941s] Level 1:colcon.colcon_core.package_identification:_identify(task3/ros2_ws/build) by extension 'ignore'
[2.941s] Level 1:colcon.colcon_core.package_identification:_identify(task3/ros2_ws/build) ignored
[2.942s] Level 1:colcon.colcon_core.package_identification:_identify(task3/ros2_ws/install) by extensions ['ignore', 'ignore_ament_install']
[2.942s] Level 1:colcon.colcon_core.package_identification:_identify(task3/ros2_ws/install) by extension 'ignore'
[2.942s] Level 1:colcon.colcon_core.package_identification:_identify(task3/ros2_ws/install) ignored
[2.945s] Level 1:colcon.colcon_core.package_identification:_identify(task3/ros2_ws/log) by extensions ['ignore', 'ignore_ament_install']
[2.945s] Level 1:colcon.colcon_core.package_identification:_identify(task3/ros2_ws/log) by extension 'ignore'
[2.945s] Level 1:colcon.colcon_core.package_identification:_identify(task3/ros2_ws/log) ignored
[2.946s] Level 1:colcon.colcon_core.package_identification:_identify(task3/ros2_ws/src) by extensions ['ignore', 'ignore_ament_install']
[2.947s] Level 1:colcon.colcon_core.package_identification:_identify(task3/ros2_ws/src) by extension 'ignore'
[2.947s] Level 1:colcon.colcon_core.package_identification:_identify(task3/ros2_ws/src) by extension 'ignore_ament_install'
[2.947s] Level 1:colcon.colcon_core.package_identification:_identify(task3/ros2_ws/src) by extensions ['colcon_pkg']
[2.947s] Level 1:colcon.colcon_core.package_identification:_identify(task3/ros2_ws/src) by extension 'colcon_pkg'
[2.947s] Level 1:colcon.colcon_core.package_identification:_identify(task3/ros2_ws/src) by extensions ['colcon_meta']
[2.947s] Level 1:colcon.colcon_core.package_identification:_identify(task3/ros2_ws/src) by extension 'colcon_meta'
[2.947s] Level 1:colcon.colcon_core.package_identification:_identify(task3/ros2_ws/src) by extensions ['ros']
[2.947s] Level 1:colcon.colcon_core.package_identification:_identify(task3/ros2_ws/src) by extension 'ros'
[2.947s] Level 1:colcon.colcon_core.package_identification:_identify(task3/ros2_ws/src) by extensions ['cmake', 'python']
[2.947s] Level 1:colcon.colcon_core.package_identification:_identify(task3/ros2_ws/src) by extension 'cmake'
[2.947s] Level 1:colcon.colcon_core.package_identification:_identify(task3/ros2_ws/src) by extension 'python'
[2.947s] Level 1:colcon.colcon_core.package_identification:_identify(task3/ros2_ws/src) by extensions ['python_setup_py']
[2.947s] Level 1:colcon.colcon_core.package_identification:_identify(task3/ros2_ws/src) by extension 'python_setup_py'
[2.948s] Level 1:colcon.colcon_core.package_identification:_identify(task3/ros2_ws/src/bonus_rover_task) by extensions ['ignore', 'ignore_ament_install']
[2.948s] Level 1:colcon.colcon_core.package_identification:_identify(task3/ros2_ws/src/bonus_rover_task) by extension 'ignore'
[2.948s] Level 1:colcon.colcon_core.package_identification:_identify(task3/ros2_ws/src/bonus_rover_task) by extension 'ignore_ament_install'
[2.948s] Level 1:colcon.colcon_core.package_identification:_identify(task3/ros2_ws/src/bonus_rover_task) by extensions ['colcon_pkg']
[2.948s] Level 1:colcon.colcon_core.package_identification:_identify(task3/ros2_ws/src/bonus_rover_task) by extension 'colcon_pkg'
[2.949s] Level 1:colcon.colcon_core.package_identification:_identify(task3/ros2_ws/src/bonus_rover_task) by extensions ['colcon_meta']
[2.949s] Level 1:colcon.colcon_core.package_identification:_identify(task3/ros2_ws/src/bonus_rover_task) by extension 'colcon_meta'
[2.949s] Level 1:colcon.colcon_core.package_identification:_identify(task3/ros2_ws/src/bonus_rover_task) by extensions ['ros']
[2.949s] Level 1:colcon.colcon_core.package_identification:_identify(task3/ros2_ws/src/bonus_rover_task) by extension 'ros'
[2.964s] DEBUG:colcon.colcon_core.package_identification:Package 'task3/ros2_ws/src/bonus_rover_task' with type 'ros.ament_python' and name 'bonus_rover_task'
[2.965s] Level 1:colcon.colcon_core.package_identification:_identify(task3/ros2_ws/src/rover_control) by extensions ['ignore', 'ignore_ament_install']
[2.965s] Level 1:colcon.colcon_core.package_identification:_identify(task3/ros2_ws/src/rover_control) by extension 'ignore'
[2.966s] Level 1:colcon.colcon_core.package_identification:_identify(task3/ros2_ws/src/rover_control) by extension 'ignore_ament_install'
[2.966s] Level 1:colcon.colcon_core.package_identification:_identify(task3/ros2_ws/src/rover_control) by extensions ['colcon_pkg']
[2.966s] Level 1:colcon.colcon_core.package_identification:_identify(task3/ros2_ws/src/rover_control) by extension 'colcon_pkg'
[2.966s] Level 1:colcon.colcon_core.package_identification:_identify(task3/ros2_ws/src/rover_control) by extensions ['colcon_meta']
[2.966s] Level 1:colcon.colcon_core.package_identification:_identify(task3/ros2_ws/src/rover_control) by extension 'colcon_meta'
[2.966s] Level 1:colcon.colcon_core.package_identification:_identify(task3/ros2_ws/src/rover_control) by extensions ['ros']
[2.966s] Level 1:colcon.colcon_core.package_identification:_identify(task3/ros2_ws/src/rover_control) by extension 'ros'
[2.968s] DEBUG:colcon.colcon_core.package_identification:Package 'task3/ros2_ws/src/rover_control' with type 'ros.ament_python' and name 'rover_control'
[2.968s] Level 1:colcon.colcon_core.package_discovery:discover_packages(recursive) using defaults
[2.968s] Level 1:colcon.colcon_core.package_discovery:discover_packages(ignore) discover
[2.968s] Level 1:colcon.colcon_core.package_discovery:discover_packages(ignore) using defaults
[2.968s] Level 1:colcon.colcon_core.package_discovery:discover_packages(path) discover
[2.968s] Level 1:colcon.colcon_core.package_discovery:discover_packages(path) using defaults
[3.040s] INFO:colcon.colcon_core.package_selection:Skipping not selected package 'bonus_rover_task' in 'task3/ros2_ws/src/bonus_rover_task'
[3.042s] Level 1:colcon.colcon_core.package_discovery:discover_packages(prefix_path) check parameters
[3.042s] Level 1:colcon.colcon_core.package_discovery:discover_packages(prefix_path) discover
[3.051s] DEBUG:colcon.colcon_installed_package_information.package_discovery:Found 2 installed packages in /root/AnkitKumar_horizon_s2/task3/ros2_ws/install
[3.055s] DEBUG:colcon.colcon_installed_package_information.package_discovery:Found 273 installed packages in /opt/ros/humble
[3.057s] Level 1:colcon.colcon_core.package_discovery:discover_packages(prefix_path) using defaults
[3.290s] Level 5:colcon.colcon_core.verb:set package 'rover_control' build argument 'cmake_args' from command line to 'None'
[3.290s] Level 5:colcon.colcon_core.verb:set package 'rover_control' build argument 'cmake_target' from command line to 'None'
[3.290s] Level 5:colcon.colcon_core.verb:set package 'rover_control' build argument 'cmake_target_skip_unavailable' from command line to 'False'
[3.290s] Level 5:colcon.colcon_core.verb:set package 'rover_control' build argument 'cmake_clean_cache' from command line to 'False'
[3.290s] Level 5:colcon.colcon_core.verb:set package 'rover_control' build argument 'cmake_clean_first' from command line to 'False'
[3.290s] Level 5:colcon.colcon_core.verb:set package 'rover_control' build argument 'cmake_force_configure' from command line to 'False'
[3.290s] Level 5:colcon.colcon_core.verb:set package 'rover_control' build argument 'ament_cmake_args' from command line to 'None'
[3.290s] Level 5:colcon.colcon_core.verb:set package 'rover_control' build argument 'catkin_cmake_args' from command line to 'None'
[3.290s] Level 5:colcon.colcon_core.verb:set package 'rover_control' build argument 'catkin_skip_building_tests' from command line to 'False'
[3.290s] DEBUG:colcon.colcon_core.verb:Building package 'rover_control' with the following arguments: {'ament_cmake_args': None, 'build_base': '/root/AnkitKumar_horizon_s2/build/rover_control', 'catkin_cmake_args': None, 'catkin_skip_building_tests': False, 'cmake_args': None, 'cmake_clean_cache': False, 'cmake_clean_first': False, 'cmake_force_configure': False, 'cmake_target': None, 'cmake_target_skip_unavailable': False, 'install_base': '/root/AnkitKumar_horizon_s2/install/rover_control', 'merge_install': False, 'path': '/root/AnkitKumar_horizon_s2/task3/ros2_ws/src/rover_control', 'symlink_install': False, 'test_result_base': None}
[3.290s] INFO:colcon.colcon_core.executor:Executing jobs using 'parallel' executor
[3.293s] DEBUG:colcon.colcon_parallel_executor.executor.parallel:run_until_complete
[3.294s] INFO:colcon.colcon_ros.task.ament_python.build:Building ROS package in '/root/AnkitKumar_horizon_s2/task3/ros2_ws/src/rover_control' with build type 'ament_python'
[3.294s] Level 1:colcon.colcon_core.shell:create_environment_hook('rover_control', 'ament_prefix_path')
[3.308s] INFO:colcon.colcon_core.plugin_system:Skipping extension 'colcon_core.shell.bat': Not used on non-Windows systems
[3.308s] INFO:colcon.colcon_core.shell:Creating environment hook '/root/AnkitKumar_horizon_s2/install/rover_control/share/rover_control/hook/ament_prefix_path.ps1'
[3.315s] INFO:colcon.colcon_core.shell:Creating environment descriptor '/root/AnkitKumar_horizon_s2/install/rover_control/share/rover_control/hook/ament_prefix_path.dsv'
[3.317s] INFO:colcon.colcon_core.shell:Creating environment hook '/root/AnkitKumar_horizon_s2/install/rover_control/share/rover_control/hook/ament_prefix_path.sh'
[3.320s] INFO:colcon.colcon_core.shell:Skip shell extension 'powershell' for command environment: Not usable outside of PowerShell
[3.320s] DEBUG:colcon.colcon_core.shell:Skip shell extension 'dsv' for command environment
[3.775s] INFO:colcon.colcon_core.task.python.build:Building Python package in '/root/AnkitKumar_horizon_s2/task3/ros2_ws/src/rover_control'
[3.775s] INFO:colcon.colcon_core.shell:Skip shell extension 'powershell' for command environment: Not usable outside of PowerShell
[3.775s] DEBUG:colcon.colcon_core.shell:Skip shell extension 'dsv' for command environment
[4.995s] DEBUG:colcon.colcon_core.event_handler.log_command:Invoking command in '/root/AnkitKumar_horizon_s2/task3/ros2_ws/src/rover_control': PYTHONPATH=/root/AnkitKumar_horizon_s2/build/rover_control/prefix_override:/usr/lib/python3/dist-packages/colcon_core/task/python/colcon_distutils_commands:/root/AnkitKumar_horizon_s2/install/rover_control/lib/python3.10/site-packages:${PYTHONPATH} /usr/bin/python3 -W ignore:setup.py install is deprecated -W ignore:easy_install command is deprecated setup.py egg_info --egg-base ../../../../build/rover_control build --build-base /root/AnkitKumar_horizon_s2/build/rover_control/build install --record /root/AnkitKumar_horizon_s2/build/rover_control/install.log --single-version-externally-managed install_data
[5.423s] DEBUG:colcon.colcon_core.event_handler.log_command:Invoked command in '/root/AnkitKumar_horizon_s2/task3/ros2_ws/src/rover_control' returned '0': PYTHONPATH=/root/AnkitKumar_horizon_s2/build/rover_control/prefix_override:/usr/lib/python3/dist-packages/colcon_core/task/python/colcon_distutils_commands:/root/AnkitKumar_horizon_s2/install/rover_control/lib/python3.10/site-packages:${PYTHONPATH} /usr/bin/python3 -W ignore:setup.py install is deprecated -W ignore:easy_install command is deprecated setup.py egg_info --egg-base ../../../../build/rover_control build --build-base /root/AnkitKumar_horizon_s2/build/rover_control/build install --record /root/AnkitKumar_horizon_s2/build/rover_control/install.log --single-version-externally-managed install_data
[5.435s] Level 1:colcon.colcon_core.environment:checking '/root/AnkitKumar_horizon_s2/install/rover_control' for CMake module files
[5.437s] Level 1:colcon.colcon_core.environment:checking '/root/AnkitKumar_horizon_s2/install/rover_control' for CMake config files
[5.438s] Level 1:colcon.colcon_core.environment:checking '/root/AnkitKumar_horizon_s2/install/rover_control/lib'
[5.438s] Level 1:colcon.colcon_core.environment:checking '/root/AnkitKumar_horizon_s2/install/rover_control/bin'
[5.439s] Level 1:colcon.colcon_core.environment:checking '/root/AnkitKumar_horizon_s2/install/rover_control/lib/pkgconfig/rover_control.pc'
[5.440s] Level 1:colcon.colcon_core.environment:checking '/root/AnkitKumar_horizon_s2/install/rover_control/lib/python3.10/site-packages'
[5.440s] Level 1:colcon.colcon_core.shell:create_environment_hook('rover_control', 'pythonpath')
[5.440s] INFO:colcon.colcon_core.shell:Creating environment hook '/root/AnkitKumar_horizon_s2/install/rover_control/share/rover_control/hook/pythonpath.ps1'
[5.440s] INFO:colcon.colcon_core.shell:Creating environment descriptor '/root/AnkitKumar_horizon_s2/install/rover_control/share/rover_control/hook/pythonpath.dsv'
[5.441s] INFO:colcon.colcon_core.shell:Creating environment hook '/root/AnkitKumar_horizon_s2/install/rover_control/share/rover_control/hook/pythonpath.sh'
[5.442s] Level 1:colcon.colcon_core.environment:checking '/root/AnkitKumar_horizon_s2/install/rover_control/bin'
[5.442s] Level 1:colcon.colcon_core.environment:create_environment_scripts_only(rover_control)
[5.442s] INFO:colcon.colcon_core.shell:Creating package script '/root/AnkitKumar_horizon_s2/install/rover_control/share/rover_control/package.ps1'
[5.444s] INFO:colcon.colcon_core.shell:Creating package descriptor '/root/AnkitKumar_horizon_s2/install/rover_control/share/rover_control/package.dsv'
[5.445s] INFO:colcon.colcon_core.shell:Creating package script '/root/AnkitKumar_horizon_s2/install/rover_control/share/rover_control/package.sh'
[5.449s] INFO:colcon.colcon_core.shell:Creating package script '/root/AnkitKumar_horizon_s2/install/rover_control/share/rover_control/package.bash'
[5.452s] INFO:colcon.colcon_core.shell:Creating package script '/root/AnkitKumar_horizon_s2/install/rover_control/share/rover_control/package.zsh'
[5.455s] Level 1:colcon.colcon_core.environment:create_file_with_runtime_dependencies(/root/AnkitKumar_horizon_s2/install/rover_control/share/colcon-core/packages/rover_control)
[5.459s] DEBUG:colcon.colcon_parallel_executor.executor.parallel:closing loop
[5.460s] DEBUG:colcon.colcon_parallel_executor.executor.parallel:loop closed
[5.460s] DEBUG:colcon.colcon_parallel_executor.executor.parallel:run_until_complete finished with '0'
[5.460s] DEBUG:colcon.colcon_core.event_reactor:joining thread
[5.636s] INFO:colcon.colcon_core.plugin_system:Skipping extension 'colcon_notification.desktop_notification.notify_send': Could not find 'notify-send'
[5.636s] INFO:colcon.colcon_core.plugin_system:Skipping extension 'colcon_notification.desktop_notification.terminal_notifier': Not used on non-Darwin systems
[5.636s] INFO:colcon.colcon_core.plugin_system:Skipping extension 'colcon_notification.desktop_notification.win32': Not used on non-Windows systems
[5.637s] INFO:colcon.colcon_notification.desktop_notification:Sending desktop notification using 'notify2'
[5.641s] DEBUG:colcon.colcon_notification.desktop_notification.notify2:Failed to initialize notify2: org.freedesktop.DBus.Error.FileNotFound: Failed to connect to socket /run/user/0/bus: No such file or directory
[5.641s] DEBUG:colcon.colcon_core.event_reactor:joined thread
[5.641s] INFO:colcon.colcon_core.shell:Creating prefix script '/root/AnkitKumar_horizon_s2/install/local_setup.ps1'
[5.643s] INFO:colcon.colcon_core.shell:Creating prefix util module '/root/AnkitKumar_horizon_s2/install/_local_setup_util_ps1.py'
[5.646s] INFO:colcon.colcon_core.shell:Creating prefix chain script '/root/AnkitKumar_horizon_s2/install/setup.ps1'
[5.647s] INFO:colcon.colcon_core.shell:Creating prefix script '/root/AnkitKumar_horizon_s2/install/local_setup.sh'
[5.651s] INFO:colcon.colcon_core.shell:Creating prefix util module '/root/AnkitKumar_horizon_s2/install/_local_setup_util_sh.py'
[5.652s] INFO:colcon.colcon_core.shell:Creating prefix chain script '/root/AnkitKumar_horizon_s2/install/setup.sh'
[5.654s] INFO:colcon.colcon_core.shell:Creating prefix script '/root/AnkitKumar_horizon_s2/install/local_setup.bash'
[5.655s] INFO:colcon.colcon_core.shell:Creating prefix chain script '/root/AnkitKumar_horizon_s2/install/setup.bash'
[5.656s] INFO:colcon.colcon_core.shell:Creating prefix script '/root/AnkitKumar_horizon_s2/install/local_setup.zsh'
[5.657s] INFO:colcon.colcon_core.shell:Creating prefix chain script '/root/AnkitKumar_horizon_s2/install/setup.zsh'
