/root/AnkitKumar_horizon_s2/task3/ros2_ws/install/bonus_rover_task/lib/python3.10/site-packages/bonus_rover_task/sensor_node.py
/root/AnkitKumar_horizon_s2/task3/ros2_ws/install/bonus_rover_task/lib/python3.10/site-packages/bonus_rover_task/__init__.py
/root/AnkitKumar_horizon_s2/task3/ros2_ws/install/bonus_rover_task/lib/python3.10/site-packages/bonus_rover_task/listener_node.py
/root/AnkitKumar_horizon_s2/task3/ros2_ws/install/bonus_rover_task/lib/python3.10/site-packages/bonus_rover_task/decision_node.py
/root/AnkitKumar_horizon_s2/task3/ros2_ws/install/bonus_rover_task/lib/python3.10/site-packages/bonus_rover_task/__pycache__/sensor_node.cpython-310.pyc
/root/AnkitKumar_horizon_s2/task3/ros2_ws/install/bonus_rover_task/lib/python3.10/site-packages/bonus_rover_task/__pycache__/__init__.cpython-310.pyc
/root/AnkitKumar_horizon_s2/task3/ros2_ws/install/bonus_rover_task/lib/python3.10/site-packages/bonus_rover_task/__pycache__/listener_node.cpython-310.pyc
/root/AnkitKumar_horizon_s2/task3/ros2_ws/install/bonus_rover_task/lib/python3.10/site-packages/bonus_rover_task/__pycache__/decision_node.cpython-310.pyc
/root/AnkitKumar_horizon_s2/task3/ros2_ws/install/bonus_rover_task/share/ament_index/resource_index/packages/bonus_rover_task
/root/AnkitKumar_horizon_s2/task3/ros2_ws/install/bonus_rover_task/share/bonus_rover_task/package.xml
/root/AnkitKumar_horizon_s2/task3/ros2_ws/install/bonus_rover_task/lib/python3.10/site-packages/bonus_rover_task-0.0.0-py3.10.egg-info/top_level.txt
/root/AnkitKumar_horizon_s2/task3/ros2_ws/install/bonus_rover_task/lib/python3.10/site-packages/bonus_rover_task-0.0.0-py3.10.egg-info/entry_points.txt
/root/AnkitKumar_horizon_s2/task3/ros2_ws/install/bonus_rover_task/lib/python3.10/site-packages/bonus_rover_task-0.0.0-py3.10.egg-info/zip-safe
/root/AnkitKumar_horizon_s2/task3/ros2_ws/install/bonus_rover_task/lib/python3.10/site-packages/bonus_rover_task-0.0.0-py3.10.egg-info/PKG-INFO
/root/AnkitKumar_horizon_s2/task3/ros2_ws/install/bonus_rover_task/lib/python3.10/site-packages/bonus_rover_task-0.0.0-py3.10.egg-info/requires.txt
/root/AnkitKumar_horizon_s2/task3/ros2_ws/install/bonus_rover_task/lib/python3.10/site-packages/bonus_rover_task-0.0.0-py3.10.egg-info/dependency_links.txt
/root/AnkitKumar_horizon_s2/task3/ros2_ws/install/bonus_rover_task/lib/python3.10/site-packages/bonus_rover_task-0.0.0-py3.10.egg-info/SOURCES.txt
/root/AnkitKumar_horizon_s2/task3/ros2_ws/install/bonus_rover_task/lib/bonus_rover_task/decision_node
/root/AnkitKumar_horizon_s2/task3/ros2_ws/install/bonus_rover_task/lib/bonus_rover_task/listener_node
/root/AnkitKumar_horizon_s2/task3/ros2_ws/install/bonus_rover_task/lib/bonus_rover_task/sensor_node
