[1.051s] DEBUG:colcon:Command line arguments: ['/usr/bin/colcon', 'build']
[1.051s] DEBUG:colcon:Parsed command line arguments: Namespace(log_base=None, log_level=None, verb_name='build', build_base='build', install_base='install', merge_install=False, symlink_install=False, test_result_base=None, continue_on_error=False, executor='parallel', parallel_workers=8, event_handlers=None, ignore_user_meta=False, metas=['./colcon.meta'], base_paths=['.'], packages_ignore=None, packages_ignore_regex=None, paths=None, packages_up_to=None, packages_up_to_regex=None, packages_above=None, packages_above_and_dependencies=None, packages_above_depth=None, packages_select_by_dep=None, packages_skip_by_dep=None, packages_skip_up_to=None, packages_select_build_failed=False, packages_skip_build_finished=False, packages_select_test_failures=False, packages_skip_test_passed=False, packages_select=None, packages_skip=None, packages_select_regex=None, packages_skip_regex=None, packages_start=None, packages_end=None, allow_overriding=[], cmake_args=None, cmake_target=None, cmake_target_skip_unavailable=False, cmake_clean_cache=False, cmake_clean_first=False, cmake_force_configure=False, ament_cmake_args=None, catkin_cmake_args=None, catkin_skip_building_tests=False, verb_parser=<colcon_defaults.argument_parser.defaults.DefaultArgumentsDecorator object at 0x7de227a13430>, verb_extension=<colcon_core.verb.build.BuildVerb object at 0x7de227a12d70>, main=<bound method BuildVerb.main of <colcon_core.verb.build.BuildVerb object at 0x7de227a12d70>>)
[1.874s] Level 1:colcon.colcon_core.package_discovery:discover_packages(colcon_meta) check parameters
[1.874s] Level 1:colcon.colcon_core.package_discovery:discover_packages(recursive) check parameters
[1.874s] Level 1:colcon.colcon_core.package_discovery:discover_packages(ignore) check parameters
[1.874s] Level 1:colcon.colcon_core.package_discovery:discover_packages(path) check parameters
[1.874s] Level 1:colcon.colcon_core.package_discovery:discover_packages(colcon_meta) discover
[1.874s] Level 1:colcon.colcon_core.package_discovery:discover_packages(recursive) discover
[1.875s] INFO:colcon.colcon_core.package_discovery:Crawling recursively for packages in '/root/AnkitKumar_horizon_s2/task3/ros2_ws'
[1.875s] Level 1:colcon.colcon_core.package_identification:_identify(.) by extensions ['ignore', 'ignore_ament_install']
[1.875s] Level 1:colcon.colcon_core.package_identification:_identify(.) by extension 'ignore'
[1.875s] Level 1:colcon.colcon_core.package_identification:_identify(.) by extension 'ignore_ament_install'
[1.875s] Level 1:colcon.colcon_core.package_identification:_identify(.) by extensions ['colcon_pkg']
[1.876s] Level 1:colcon.colcon_core.package_identification:_identify(.) by extension 'colcon_pkg'
[1.876s] Level 1:colcon.colcon_core.package_identification:_identify(.) by extensions ['colcon_meta']
[1.876s] Level 1:colcon.colcon_core.package_identification:_identify(.) by extension 'colcon_meta'
[1.876s] Level 1:colcon.colcon_core.package_identification:_identify(.) by extensions ['ros']
[1.876s] Level 1:colcon.colcon_core.package_identification:_identify(.) by extension 'ros'
[1.926s] Level 1:colcon.colcon_core.package_identification:_identify(.) by extensions ['cmake', 'python']
[1.926s] Level 1:colcon.colcon_core.package_identification:_identify(.) by extension 'cmake'
[1.926s] Level 1:colcon.colcon_core.package_identification:_identify(.) by extension 'python'
[1.926s] Level 1:colcon.colcon_core.package_identification:_identify(.) by extensions ['python_setup_py']
[1.927s] Level 1:colcon.colcon_core.package_identification:_identify(.) by extension 'python_setup_py'
[1.927s] Level 1:colcon.colcon_core.package_identification:_identify(build) by extensions ['ignore', 'ignore_ament_install']
[1.928s] Level 1:colcon.colcon_core.package_identification:_identify(build) by extension 'ignore'
[1.928s] Level 1:colcon.colcon_core.package_identification:_identify(build) ignored
[1.929s] Level 1:colcon.colcon_core.package_identification:_identify(install) by extensions ['ignore', 'ignore_ament_install']
[1.930s] Level 1:colcon.colcon_core.package_identification:_identify(install) by extension 'ignore'
[1.931s] Level 1:colcon.colcon_core.package_identification:_identify(install) ignored
[1.931s] Level 1:colcon.colcon_core.package_identification:_identify(log) by extensions ['ignore', 'ignore_ament_install']
[1.931s] Level 1:colcon.colcon_core.package_identification:_identify(log) by extension 'ignore'
[1.931s] Level 1:colcon.colcon_core.package_identification:_identify(log) ignored
[1.932s] Level 1:colcon.colcon_core.package_identification:_identify(src) by extensions ['ignore', 'ignore_ament_install']
[1.933s] Level 1:colcon.colcon_core.package_identification:_identify(src) by extension 'ignore'
[1.933s] Level 1:colcon.colcon_core.package_identification:_identify(src) by extension 'ignore_ament_install'
[1.933s] Level 1:colcon.colcon_core.package_identification:_identify(src) by extensions ['colcon_pkg']
[1.933s] Level 1:colcon.colcon_core.package_identification:_identify(src) by extension 'colcon_pkg'
[1.933s] Level 1:colcon.colcon_core.package_identification:_identify(src) by extensions ['colcon_meta']
[1.933s] Level 1:colcon.colcon_core.package_identification:_identify(src) by extension 'colcon_meta'
[1.933s] Level 1:colcon.colcon_core.package_identification:_identify(src) by extensions ['ros']
[1.933s] Level 1:colcon.colcon_core.package_identification:_identify(src) by extension 'ros'
[1.933s] Level 1:colcon.colcon_core.package_identification:_identify(src) by extensions ['cmake', 'python']
[1.933s] Level 1:colcon.colcon_core.package_identification:_identify(src) by extension 'cmake'
[1.934s] Level 1:colcon.colcon_core.package_identification:_identify(src) by extension 'python'
[1.934s] Level 1:colcon.colcon_core.package_identification:_identify(src) by extensions ['python_setup_py']
[1.934s] Level 1:colcon.colcon_core.package_identification:_identify(src) by extension 'python_setup_py'
[1.935s] Level 1:colcon.colcon_core.package_identification:_identify(src/bonus_rover_task) by extensions ['ignore', 'ignore_ament_install']
[1.935s] Level 1:colcon.colcon_core.package_identification:_identify(src/bonus_rover_task) by extension 'ignore'
[1.935s] Level 1:colcon.colcon_core.package_identification:_identify(src/bonus_rover_task) by extension 'ignore_ament_install'
[1.936s] Level 1:colcon.colcon_core.package_identification:_identify(src/bonus_rover_task) by extensions ['colcon_pkg']
[1.936s] Level 1:colcon.colcon_core.package_identification:_identify(src/bonus_rover_task) by extension 'colcon_pkg'
[1.936s] Level 1:colcon.colcon_core.package_identification:_identify(src/bonus_rover_task) by extensions ['colcon_meta']
[1.936s] Level 1:colcon.colcon_core.package_identification:_identify(src/bonus_rover_task) by extension 'colcon_meta'
[1.936s] Level 1:colcon.colcon_core.package_identification:_identify(src/bonus_rover_task) by extensions ['ros']
[1.936s] Level 1:colcon.colcon_core.package_identification:_identify(src/bonus_rover_task) by extension 'ros'
[1.948s] DEBUG:colcon.colcon_core.package_identification:Package 'src/bonus_rover_task' with type 'ros.ament_python' and name 'bonus_rover_task'
[1.949s] Level 1:colcon.colcon_core.package_identification:_identify(src/rover_control) by extensions ['ignore', 'ignore_ament_install']
[1.949s] Level 1:colcon.colcon_core.package_identification:_identify(src/rover_control) by extension 'ignore'
[1.949s] Level 1:colcon.colcon_core.package_identification:_identify(src/rover_control) by extension 'ignore_ament_install'
[1.949s] Level 1:colcon.colcon_core.package_identification:_identify(src/rover_control) by extensions ['colcon_pkg']
[1.950s] Level 1:colcon.colcon_core.package_identification:_identify(src/rover_control) by extension 'colcon_pkg'
[1.950s] Level 1:colcon.colcon_core.package_identification:_identify(src/rover_control) by extensions ['colcon_meta']
[1.950s] Level 1:colcon.colcon_core.package_identification:_identify(src/rover_control) by extension 'colcon_meta'
[1.950s] Level 1:colcon.colcon_core.package_identification:_identify(src/rover_control) by extensions ['ros']
[1.950s] Level 1:colcon.colcon_core.package_identification:_identify(src/rover_control) by extension 'ros'
[1.952s] DEBUG:colcon.colcon_core.package_identification:Package 'src/rover_control' with type 'ros.ament_python' and name 'rover_control'
[1.952s] Level 1:colcon.colcon_core.package_discovery:discover_packages(recursive) using defaults
[1.953s] Level 1:colcon.colcon_core.package_discovery:discover_packages(ignore) discover
[1.953s] Level 1:colcon.colcon_core.package_discovery:discover_packages(ignore) using defaults
[1.953s] Level 1:colcon.colcon_core.package_discovery:discover_packages(path) discover
[1.953s] Level 1:colcon.colcon_core.package_discovery:discover_packages(path) using defaults
[2.040s] Level 1:colcon.colcon_core.package_discovery:discover_packages(prefix_path) check parameters
[2.040s] Level 1:colcon.colcon_core.package_discovery:discover_packages(prefix_path) discover
[2.049s] DEBUG:colcon.colcon_installed_package_information.package_discovery:Found 2 installed packages in /root/AnkitKumar_horizon_s2/task3/ros2_ws/install
[2.054s] DEBUG:colcon.colcon_installed_package_information.package_discovery:Found 273 installed packages in /opt/ros/humble
[2.058s] Level 1:colcon.colcon_core.package_discovery:discover_packages(prefix_path) using defaults
[2.330s] Level 5:colcon.colcon_core.verb:set package 'bonus_rover_task' build argument 'cmake_args' from command line to 'None'
[2.330s] Level 5:colcon.colcon_core.verb:set package 'bonus_rover_task' build argument 'cmake_target' from command line to 'None'
[2.330s] Level 5:colcon.colcon_core.verb:set package 'bonus_rover_task' build argument 'cmake_target_skip_unavailable' from command line to 'False'
[2.330s] Level 5:colcon.colcon_core.verb:set package 'bonus_rover_task' build argument 'cmake_clean_cache' from command line to 'False'
[2.330s] Level 5:colcon.colcon_core.verb:set package 'bonus_rover_task' build argument 'cmake_clean_first' from command line to 'False'
[2.330s] Level 5:colcon.colcon_core.verb:set package 'bonus_rover_task' build argument 'cmake_force_configure' from command line to 'False'
[2.330s] Level 5:colcon.colcon_core.verb:set package 'bonus_rover_task' build argument 'ament_cmake_args' from command line to 'None'
[2.330s] Level 5:colcon.colcon_core.verb:set package 'bonus_rover_task' build argument 'catkin_cmake_args' from command line to 'None'
[2.330s] Level 5:colcon.colcon_core.verb:set package 'bonus_rover_task' build argument 'catkin_skip_building_tests' from command line to 'False'
[2.331s] DEBUG:colcon.colcon_core.verb:Building package 'bonus_rover_task' with the following arguments: {'ament_cmake_args': None, 'build_base': '/root/AnkitKumar_horizon_s2/task3/ros2_ws/build/bonus_rover_task', 'catkin_cmake_args': None, 'catkin_skip_building_tests': False, 'cmake_args': None, 'cmake_clean_cache': False, 'cmake_clean_first': False, 'cmake_force_configure': False, 'cmake_target': None, 'cmake_target_skip_unavailable': False, 'install_base': '/root/AnkitKumar_horizon_s2/task3/ros2_ws/install/bonus_rover_task', 'merge_install': False, 'path': '/root/AnkitKumar_horizon_s2/task3/ros2_ws/src/bonus_rover_task', 'symlink_install': False, 'test_result_base': None}
[2.331s] Level 5:colcon.colcon_core.verb:set package 'rover_control' build argument 'cmake_args' from command line to 'None'
[2.331s] Level 5:colcon.colcon_core.verb:set package 'rover_control' build argument 'cmake_target' from command line to 'None'
[2.332s] Level 5:colcon.colcon_core.verb:set package 'rover_control' build argument 'cmake_target_skip_unavailable' from command line to 'False'
[2.332s] Level 5:colcon.colcon_core.verb:set package 'rover_control' build argument 'cmake_clean_cache' from command line to 'False'
[2.332s] Level 5:colcon.colcon_core.verb:set package 'rover_control' build argument 'cmake_clean_first' from command line to 'False'
[2.332s] Level 5:colcon.colcon_core.verb:set package 'rover_control' build argument 'cmake_force_configure' from command line to 'False'
[2.332s] Level 5:colcon.colcon_core.verb:set package 'rover_control' build argument 'ament_cmake_args' from command line to 'None'
[2.332s] Level 5:colcon.colcon_core.verb:set package 'rover_control' build argument 'catkin_cmake_args' from command line to 'None'
[2.332s] Level 5:colcon.colcon_core.verb:set package 'rover_control' build argument 'catkin_skip_building_tests' from command line to 'False'
[2.332s] DEBUG:colcon.colcon_core.verb:Building package 'rover_control' with the following arguments: {'ament_cmake_args': None, 'build_base': '/root/AnkitKumar_horizon_s2/task3/ros2_ws/build/rover_control', 'catkin_cmake_args': None, 'catkin_skip_building_tests': False, 'cmake_args': None, 'cmake_clean_cache': False, 'cmake_clean_first': False, 'cmake_force_configure': False, 'cmake_target': None, 'cmake_target_skip_unavailable': False, 'install_base': '/root/AnkitKumar_horizon_s2/task3/ros2_ws/install/rover_control', 'merge_install': False, 'path': '/root/AnkitKumar_horizon_s2/task3/ros2_ws/src/rover_control', 'symlink_install': False, 'test_result_base': None}
[2.332s] INFO:colcon.colcon_core.executor:Executing jobs using 'parallel' executor
[2.336s] DEBUG:colcon.colcon_parallel_executor.executor.parallel:run_until_complete
[2.337s] INFO:colcon.colcon_ros.task.ament_python.build:Building ROS package in '/root/AnkitKumar_horizon_s2/task3/ros2_ws/src/bonus_rover_task' with build type 'ament_python'
[2.338s] Level 1:colcon.colcon_core.shell:create_environment_hook('bonus_rover_task', 'ament_prefix_path')
[2.356s] INFO:colcon.colcon_core.plugin_system:Skipping extension 'colcon_core.shell.bat': Not used on non-Windows systems
[2.357s] INFO:colcon.colcon_core.shell:Creating environment hook '/root/AnkitKumar_horizon_s2/task3/ros2_ws/install/bonus_rover_task/share/bonus_rover_task/hook/ament_prefix_path.ps1'
[2.360s] INFO:colcon.colcon_core.shell:Creating environment descriptor '/root/AnkitKumar_horizon_s2/task3/ros2_ws/install/bonus_rover_task/share/bonus_rover_task/hook/ament_prefix_path.dsv'
[2.362s] INFO:colcon.colcon_core.shell:Creating environment hook '/root/AnkitKumar_horizon_s2/task3/ros2_ws/install/bonus_rover_task/share/bonus_rover_task/hook/ament_prefix_path.sh'
[2.365s] INFO:colcon.colcon_core.shell:Skip shell extension 'powershell' for command environment: Not usable outside of PowerShell
[2.366s] DEBUG:colcon.colcon_core.shell:Skip shell extension 'dsv' for command environment
[2.376s] INFO:colcon.colcon_ros.task.ament_python.build:Building ROS package in '/root/AnkitKumar_horizon_s2/task3/ros2_ws/src/rover_control' with build type 'ament_python'
[2.377s] Level 1:colcon.colcon_core.shell:create_environment_hook('rover_control', 'ament_prefix_path')
[2.378s] INFO:colcon.colcon_core.shell:Creating environment hook '/root/AnkitKumar_horizon_s2/task3/ros2_ws/install/rover_control/share/rover_control/hook/ament_prefix_path.ps1'
[2.384s] INFO:colcon.colcon_core.shell:Creating environment descriptor '/root/AnkitKumar_horizon_s2/task3/ros2_ws/install/rover_control/share/rover_control/hook/ament_prefix_path.dsv'
[2.386s] INFO:colcon.colcon_core.shell:Creating environment hook '/root/AnkitKumar_horizon_s2/task3/ros2_ws/install/rover_control/share/rover_control/hook/ament_prefix_path.sh'
[2.388s] INFO:colcon.colcon_core.shell:Skip shell extension 'powershell' for command environment: Not usable outside of PowerShell
[2.388s] DEBUG:colcon.colcon_core.shell:Skip shell extension 'dsv' for command environment
[3.198s] INFO:colcon.colcon_core.task.python.build:Building Python package in '/root/AnkitKumar_horizon_s2/task3/ros2_ws/src/bonus_rover_task'
[3.199s] INFO:colcon.colcon_core.shell:Skip shell extension 'powershell' for command environment: Not usable outside of PowerShell
[3.199s] DEBUG:colcon.colcon_core.shell:Skip shell extension 'dsv' for command environment
[3.740s] INFO:colcon.colcon_core.task.python.build:Building Python package in '/root/AnkitKumar_horizon_s2/task3/ros2_ws/src/rover_control'
[3.740s] INFO:colcon.colcon_core.shell:Skip shell extension 'powershell' for command environment: Not usable outside of PowerShell
[3.740s] DEBUG:colcon.colcon_core.shell:Skip shell extension 'dsv' for command environment
[5.111s] DEBUG:colcon.colcon_core.event_handler.log_command:Invoking command in '/root/AnkitKumar_horizon_s2/task3/ros2_ws/src/bonus_rover_task': PYTHONPATH=/root/AnkitKumar_horizon_s2/task3/ros2_ws/build/bonus_rover_task/prefix_override:/usr/lib/python3/dist-packages/colcon_core/task/python/colcon_distutils_commands:/root/AnkitKumar_horizon_s2/task3/ros2_ws/install/bonus_rover_task/lib/python3.10/site-packages:${PYTHONPATH} /usr/bin/python3 -W ignore:setup.py install is deprecated -W ignore:easy_install command is deprecated setup.py egg_info --egg-base ../../build/bonus_rover_task build --build-base /root/AnkitKumar_horizon_s2/task3/ros2_ws/build/bonus_rover_task/build install --record /root/AnkitKumar_horizon_s2/task3/ros2_ws/build/bonus_rover_task/install.log --single-version-externally-managed install_data
[5.131s] DEBUG:colcon.colcon_core.event_handler.log_command:Invoking command in '/root/AnkitKumar_horizon_s2/task3/ros2_ws/src/rover_control': PYTHONPATH=/root/AnkitKumar_horizon_s2/task3/ros2_ws/build/rover_control/prefix_override:/usr/lib/python3/dist-packages/colcon_core/task/python/colcon_distutils_commands:/root/AnkitKumar_horizon_s2/task3/ros2_ws/install/rover_control/lib/python3.10/site-packages:${PYTHONPATH} /usr/bin/python3 -W ignore:setup.py install is deprecated -W ignore:easy_install command is deprecated setup.py egg_info --egg-base ../../build/rover_control build --build-base /root/AnkitKumar_horizon_s2/task3/ros2_ws/build/rover_control/build install --record /root/AnkitKumar_horizon_s2/task3/ros2_ws/build/rover_control/install.log --single-version-externally-managed install_data
[5.661s] DEBUG:colcon.colcon_core.event_handler.log_command:Invoked command in '/root/AnkitKumar_horizon_s2/task3/ros2_ws/src/bonus_rover_task' returned '0': PYTHONPATH=/root/AnkitKumar_horizon_s2/task3/ros2_ws/build/bonus_rover_task/prefix_override:/usr/lib/python3/dist-packages/colcon_core/task/python/colcon_distutils_commands:/root/AnkitKumar_horizon_s2/task3/ros2_ws/install/bonus_rover_task/lib/python3.10/site-packages:${PYTHONPATH} /usr/bin/python3 -W ignore:setup.py install is deprecated -W ignore:easy_install command is deprecated setup.py egg_info --egg-base ../../build/bonus_rover_task build --build-base /root/AnkitKumar_horizon_s2/task3/ros2_ws/build/bonus_rover_task/build install --record /root/AnkitKumar_horizon_s2/task3/ros2_ws/build/bonus_rover_task/install.log --single-version-externally-managed install_data
[5.682s] Level 1:colcon.colcon_core.environment:checking '/root/AnkitKumar_horizon_s2/task3/ros2_ws/install/bonus_rover_task' for CMake module files
[5.684s] Level 1:colcon.colcon_core.environment:checking '/root/AnkitKumar_horizon_s2/task3/ros2_ws/install/bonus_rover_task' for CMake config files
[5.690s] Level 1:colcon.colcon_core.environment:checking '/root/AnkitKumar_horizon_s2/task3/ros2_ws/install/bonus_rover_task/lib'
[5.690s] Level 1:colcon.colcon_core.environment:checking '/root/AnkitKumar_horizon_s2/task3/ros2_ws/install/bonus_rover_task/bin'
[5.690s] Level 1:colcon.colcon_core.environment:checking '/root/AnkitKumar_horizon_s2/task3/ros2_ws/install/bonus_rover_task/lib/pkgconfig/bonus_rover_task.pc'
[5.691s] Level 1:colcon.colcon_core.environment:checking '/root/AnkitKumar_horizon_s2/task3/ros2_ws/install/bonus_rover_task/lib/python3.10/site-packages'
[5.691s] Level 1:colcon.colcon_core.shell:create_environment_hook('bonus_rover_task', 'pythonpath')
[5.692s] INFO:colcon.colcon_core.shell:Creating environment hook '/root/AnkitKumar_horizon_s2/task3/ros2_ws/install/bonus_rover_task/share/bonus_rover_task/hook/pythonpath.ps1'
[5.693s] INFO:colcon.colcon_core.shell:Creating environment descriptor '/root/AnkitKumar_horizon_s2/task3/ros2_ws/install/bonus_rover_task/share/bonus_rover_task/hook/pythonpath.dsv'
[5.694s] INFO:colcon.colcon_core.shell:Creating environment hook '/root/AnkitKumar_horizon_s2/task3/ros2_ws/install/bonus_rover_task/share/bonus_rover_task/hook/pythonpath.sh'
[5.697s] Level 1:colcon.colcon_core.environment:checking '/root/AnkitKumar_horizon_s2/task3/ros2_ws/install/bonus_rover_task/bin'
[5.697s] Level 1:colcon.colcon_core.environment:create_environment_scripts_only(bonus_rover_task)
[5.698s] INFO:colcon.colcon_core.shell:Creating package script '/root/AnkitKumar_horizon_s2/task3/ros2_ws/install/bonus_rover_task/share/bonus_rover_task/package.ps1'
[5.700s] INFO:colcon.colcon_core.shell:Creating package descriptor '/root/AnkitKumar_horizon_s2/task3/ros2_ws/install/bonus_rover_task/share/bonus_rover_task/package.dsv'
[5.703s] INFO:colcon.colcon_core.shell:Creating package script '/root/AnkitKumar_horizon_s2/task3/ros2_ws/install/bonus_rover_task/share/bonus_rover_task/package.sh'
[5.704s] INFO:colcon.colcon_core.shell:Creating package script '/root/AnkitKumar_horizon_s2/task3/ros2_ws/install/bonus_rover_task/share/bonus_rover_task/package.bash'
[5.706s] INFO:colcon.colcon_core.shell:Creating package script '/root/AnkitKumar_horizon_s2/task3/ros2_ws/install/bonus_rover_task/share/bonus_rover_task/package.zsh'
[5.707s] Level 1:colcon.colcon_core.environment:create_file_with_runtime_dependencies(/root/AnkitKumar_horizon_s2/task3/ros2_ws/install/bonus_rover_task/share/colcon-core/packages/bonus_rover_task)
[5.714s] Level 1:colcon.colcon_core.environment:checking '/root/AnkitKumar_horizon_s2/task3/ros2_ws/install/rover_control' for CMake module files
[5.715s] DEBUG:colcon.colcon_core.event_handler.log_command:Invoked command in '/root/AnkitKumar_horizon_s2/task3/ros2_ws/src/rover_control' returned '0': PYTHONPATH=/root/AnkitKumar_horizon_s2/task3/ros2_ws/build/rover_control/prefix_override:/usr/lib/python3/dist-packages/colcon_core/task/python/colcon_distutils_commands:/root/AnkitKumar_horizon_s2/task3/ros2_ws/install/rover_control/lib/python3.10/site-packages:${PYTHONPATH} /usr/bin/python3 -W ignore:setup.py install is deprecated -W ignore:easy_install command is deprecated setup.py egg_info --egg-base ../../build/rover_control build --build-base /root/AnkitKumar_horizon_s2/task3/ros2_ws/build/rover_control/build install --record /root/AnkitKumar_horizon_s2/task3/ros2_ws/build/rover_control/install.log --single-version-externally-managed install_data
[5.716s] Level 1:colcon.colcon_core.environment:checking '/root/AnkitKumar_horizon_s2/task3/ros2_ws/install/rover_control' for CMake config files
[5.720s] Level 1:colcon.colcon_core.environment:checking '/root/AnkitKumar_horizon_s2/task3/ros2_ws/install/rover_control/lib'
[5.720s] Level 1:colcon.colcon_core.environment:checking '/root/AnkitKumar_horizon_s2/task3/ros2_ws/install/rover_control/bin'
[5.720s] Level 1:colcon.colcon_core.environment:checking '/root/AnkitKumar_horizon_s2/task3/ros2_ws/install/rover_control/lib/pkgconfig/rover_control.pc'
[5.721s] Level 1:colcon.colcon_core.environment:checking '/root/AnkitKumar_horizon_s2/task3/ros2_ws/install/rover_control/lib/python3.10/site-packages'
[5.721s] Level 1:colcon.colcon_core.shell:create_environment_hook('rover_control', 'pythonpath')
[5.721s] INFO:colcon.colcon_core.shell:Creating environment hook '/root/AnkitKumar_horizon_s2/task3/ros2_ws/install/rover_control/share/rover_control/hook/pythonpath.ps1'
[5.722s] INFO:colcon.colcon_core.shell:Creating environment descriptor '/root/AnkitKumar_horizon_s2/task3/ros2_ws/install/rover_control/share/rover_control/hook/pythonpath.dsv'
[5.723s] INFO:colcon.colcon_core.shell:Creating environment hook '/root/AnkitKumar_horizon_s2/task3/ros2_ws/install/rover_control/share/rover_control/hook/pythonpath.sh'
[5.725s] Level 1:colcon.colcon_core.environment:checking '/root/AnkitKumar_horizon_s2/task3/ros2_ws/install/rover_control/bin'
[5.725s] Level 1:colcon.colcon_core.environment:create_environment_scripts_only(rover_control)
[5.725s] INFO:colcon.colcon_core.shell:Creating package script '/root/AnkitKumar_horizon_s2/task3/ros2_ws/install/rover_control/share/rover_control/package.ps1'
[5.726s] INFO:colcon.colcon_core.shell:Creating package descriptor '/root/AnkitKumar_horizon_s2/task3/ros2_ws/install/rover_control/share/rover_control/package.dsv'
[5.727s] INFO:colcon.colcon_core.shell:Creating package script '/root/AnkitKumar_horizon_s2/task3/ros2_ws/install/rover_control/share/rover_control/package.sh'
[5.727s] INFO:colcon.colcon_core.shell:Creating package script '/root/AnkitKumar_horizon_s2/task3/ros2_ws/install/rover_control/share/rover_control/package.bash'
[5.729s] INFO:colcon.colcon_core.shell:Creating package script '/root/AnkitKumar_horizon_s2/task3/ros2_ws/install/rover_control/share/rover_control/package.zsh'
[5.731s] Level 1:colcon.colcon_core.environment:create_file_with_runtime_dependencies(/root/AnkitKumar_horizon_s2/task3/ros2_ws/install/rover_control/share/colcon-core/packages/rover_control)
[5.733s] DEBUG:colcon.colcon_parallel_executor.executor.parallel:closing loop
[5.736s] DEBUG:colcon.colcon_parallel_executor.executor.parallel:loop closed
[5.736s] DEBUG:colcon.colcon_parallel_executor.executor.parallel:run_until_complete finished with '0'
[5.738s] DEBUG:colcon.colcon_core.event_reactor:joining thread
[5.950s] INFO:colcon.colcon_core.plugin_system:Skipping extension 'colcon_notification.desktop_notification.notify_send': Could not find 'notify-send'
[5.950s] INFO:colcon.colcon_core.plugin_system:Skipping extension 'colcon_notification.desktop_notification.terminal_notifier': Not used on non-Darwin systems
[5.950s] INFO:colcon.colcon_core.plugin_system:Skipping extension 'colcon_notification.desktop_notification.win32': Not used on non-Windows systems
[5.951s] INFO:colcon.colcon_notification.desktop_notification:Sending desktop notification using 'notify2'
[5.951s] DEBUG:colcon.colcon_notification.desktop_notification.notify2:Failed to initialize notify2: org.freedesktop.DBus.Error.FileNotFound: Failed to connect to socket /run/user/0/bus: No such file or directory
[5.951s] DEBUG:colcon.colcon_core.event_reactor:joined thread
[5.952s] INFO:colcon.colcon_core.shell:Creating prefix script '/root/AnkitKumar_horizon_s2/task3/ros2_ws/install/local_setup.ps1'
[5.955s] INFO:colcon.colcon_core.shell:Creating prefix util module '/root/AnkitKumar_horizon_s2/task3/ros2_ws/install/_local_setup_util_ps1.py'
[5.959s] INFO:colcon.colcon_core.shell:Creating prefix chain script '/root/AnkitKumar_horizon_s2/task3/ros2_ws/install/setup.ps1'
[5.962s] INFO:colcon.colcon_core.shell:Creating prefix script '/root/AnkitKumar_horizon_s2/task3/ros2_ws/install/local_setup.sh'
[5.966s] INFO:colcon.colcon_core.shell:Creating prefix util module '/root/AnkitKumar_horizon_s2/task3/ros2_ws/install/_local_setup_util_sh.py'
[5.968s] INFO:colcon.colcon_core.shell:Creating prefix chain script '/root/AnkitKumar_horizon_s2/task3/ros2_ws/install/setup.sh'
[5.972s] INFO:colcon.colcon_core.shell:Creating prefix script '/root/AnkitKumar_horizon_s2/task3/ros2_ws/install/local_setup.bash'
[5.974s] INFO:colcon.colcon_core.shell:Creating prefix chain script '/root/AnkitKumar_horizon_s2/task3/ros2_ws/install/setup.bash'
[5.976s] INFO:colcon.colcon_core.shell:Creating prefix script '/root/AnkitKumar_horizon_s2/task3/ros2_ws/install/local_setup.zsh'
[5.978s] INFO:colcon.colcon_core.shell:Creating prefix chain script '/root/AnkitKumar_horizon_s2/task3/ros2_ws/install/setup.zsh'
