running egg_info
creating ../../../../build/rover_control/rover_control.egg-info
writing ../../../../build/rover_control/rover_control.egg-info/PKG-INFO
writing dependency_links to ../../../../build/rover_control/rover_control.egg-info/dependency_links.txt
writing entry points to ../../../../build/rover_control/rover_control.egg-info/entry_points.txt
writing requirements to ../../../../build/rover_control/rover_control.egg-info/requires.txt
writing top-level names to ../../../../build/rover_control/rover_control.egg-info/top_level.txt
writing manifest file '../../../../build/rover_control/rover_control.egg-info/SOURCES.txt'
reading manifest file '../../../../build/rover_control/rover_control.egg-info/SOURCES.txt'
writing manifest file '../../../../build/rover_control/rover_control.egg-info/SOURCES.txt'
running build
running build_py
creating /root/AnkitKumar_horizon_s2/build/rover_control/build
creating /root/AnkitKumar_horizon_s2/build/rover_control/build/lib
creating /root/AnkitKumar_horizon_s2/build/rover_control/build/lib/rover_control
copying rover_control/distance_publisher.py -> /root/AnkitKumar_horizon_s2/build/rover_control/build/lib/rover_control
copying rover_control/distance_subscriber.py -> /root/AnkitKumar_horizon_s2/build/rover_control/build/lib/rover_control
copying rover_control/__init__.py -> /root/AnkitKumar_horizon_s2/build/rover_control/build/lib/rover_control
running install
running install_lib
creating /root/AnkitKumar_horizon_s2/install/rover_control/lib/python3.10/site-packages/rover_control
copying /root/AnkitKumar_horizon_s2/build/rover_control/build/lib/rover_control/distance_publisher.py -> /root/AnkitKumar_horizon_s2/install/rover_control/lib/python3.10/site-packages/rover_control
copying /root/AnkitKumar_horizon_s2/build/rover_control/build/lib/rover_control/distance_subscriber.py -> /root/AnkitKumar_horizon_s2/install/rover_control/lib/python3.10/site-packages/rover_control
copying /root/AnkitKumar_horizon_s2/build/rover_control/build/lib/rover_control/__init__.py -> /root/AnkitKumar_horizon_s2/install/rover_control/lib/python3.10/site-packages/rover_control
byte-compiling /root/AnkitKumar_horizon_s2/install/rover_control/lib/python3.10/site-packages/rover_control/distance_publisher.py to distance_publisher.cpython-310.pyc
byte-compiling /root/AnkitKumar_horizon_s2/install/rover_control/lib/python3.10/site-packages/rover_control/distance_subscriber.py to distance_subscriber.cpython-310.pyc
byte-compiling /root/AnkitKumar_horizon_s2/install/rover_control/lib/python3.10/site-packages/rover_control/__init__.py to __init__.cpython-310.pyc
running install_data
creating /root/AnkitKumar_horizon_s2/install/rover_control/share/ament_index
creating /root/AnkitKumar_horizon_s2/install/rover_control/share/ament_index/resource_index
creating /root/AnkitKumar_horizon_s2/install/rover_control/share/ament_index/resource_index/packages
copying resource/rover_control -> /root/AnkitKumar_horizon_s2/install/rover_control/share/ament_index/resource_index/packages
copying package.xml -> /root/AnkitKumar_horizon_s2/install/rover_control/share/rover_control
running install_egg_info
Copying ../../../../build/rover_control/rover_control.egg-info to /root/AnkitKumar_horizon_s2/install/rover_control/lib/python3.10/site-packages/rover_control-0.0.1-py3.10.egg-info
running install_scripts
Installing distance_publisher script to /root/AnkitKumar_horizon_s2/install/rover_control/lib/rover_control
Installing distance_subscriber script to /root/AnkitKumar_horizon_s2/install/rover_control/lib/rover_control
writing list of installed files to '/root/AnkitKumar_horizon_s2/build/rover_control/install.log'
