[1.698s] Invoking command in '/root/AnkitKumar_horizon_s2/task3/ros2_ws/src/rover_control': PYTHONPATH=/root/AnkitKumar_horizon_s2/build/rover_control/prefix_override:/usr/lib/python3/dist-packages/colcon_core/task/python/colcon_distutils_commands:/root/AnkitKumar_horizon_s2/install/rover_control/lib/python3.10/site-packages:${PYTHONPATH} /usr/bin/python3 -W ignore:setup.py install is deprecated -W ignore:easy_install command is deprecated setup.py egg_info --egg-base ../../../../build/rover_control build --build-base /root/AnkitKumar_horizon_s2/build/rover_control/build install --record /root/AnkitKumar_horizon_s2/build/rover_control/install.log --single-version-externally-managed install_data
[1.999s] running egg_info
[1.999s] creating ../../../../build/rover_control/rover_control.egg-info
[2.000s] writing ../../../../build/rover_control/rover_control.egg-info/PKG-INFO
[2.002s] writing dependency_links to ../../../../build/rover_control/rover_control.egg-info/dependency_links.txt
[2.003s] writing entry points to ../../../../build/rover_control/rover_control.egg-info/entry_points.txt
[2.004s] writing requirements to ../../../../build/rover_control/rover_control.egg-info/requires.txt
[2.005s] writing top-level names to ../../../../build/rover_control/rover_control.egg-info/top_level.txt
[2.008s] writing manifest file '../../../../build/rover_control/rover_control.egg-info/SOURCES.txt'
[2.013s] reading manifest file '../../../../build/rover_control/rover_control.egg-info/SOURCES.txt'
[2.013s] writing manifest file '../../../../build/rover_control/rover_control.egg-info/SOURCES.txt'
[2.014s] running build
[2.014s] running build_py
[2.014s] creating /root/AnkitKumar_horizon_s2/build/rover_control/build
[2.015s] creating /root/AnkitKumar_horizon_s2/build/rover_control/build/lib
[2.016s] creating /root/AnkitKumar_horizon_s2/build/rover_control/build/lib/rover_control
[2.017s] copying rover_control/distance_publisher.py -> /root/AnkitKumar_horizon_s2/build/rover_control/build/lib/rover_control
[2.018s] copying rover_control/distance_subscriber.py -> /root/AnkitKumar_horizon_s2/build/rover_control/build/lib/rover_control
[2.020s] copying rover_control/__init__.py -> /root/AnkitKumar_horizon_s2/build/rover_control/build/lib/rover_control
[2.021s] running install
[2.022s] running install_lib
[2.023s] creating /root/AnkitKumar_horizon_s2/install/rover_control/lib/python3.10/site-packages/rover_control
[2.024s] copying /root/AnkitKumar_horizon_s2/build/rover_control/build/lib/rover_control/distance_publisher.py -> /root/AnkitKumar_horizon_s2/install/rover_control/lib/python3.10/site-packages/rover_control
[2.024s] copying /root/AnkitKumar_horizon_s2/build/rover_control/build/lib/rover_control/distance_subscriber.py -> /root/AnkitKumar_horizon_s2/install/rover_control/lib/python3.10/site-packages/rover_control
[2.026s] copying /root/AnkitKumar_horizon_s2/build/rover_control/build/lib/rover_control/__init__.py -> /root/AnkitKumar_horizon_s2/install/rover_control/lib/python3.10/site-packages/rover_control
[2.027s] byte-compiling /root/AnkitKumar_horizon_s2/install/rover_control/lib/python3.10/site-packages/rover_control/distance_publisher.py to distance_publisher.cpython-310.pyc
[2.030s] byte-compiling /root/AnkitKumar_horizon_s2/install/rover_control/lib/python3.10/site-packages/rover_control/distance_subscriber.py to distance_subscriber.cpython-310.pyc
[2.032s] byte-compiling /root/AnkitKumar_horizon_s2/install/rover_control/lib/python3.10/site-packages/rover_control/__init__.py to __init__.cpython-310.pyc
[2.032s] running install_data
[2.033s] creating /root/AnkitKumar_horizon_s2/install/rover_control/share/ament_index
[2.033s] creating /root/AnkitKumar_horizon_s2/install/rover_control/share/ament_index/resource_index
[2.034s] creating /root/AnkitKumar_horizon_s2/install/rover_control/share/ament_index/resource_index/packages
[2.035s] copying resource/rover_control -> /root/AnkitKumar_horizon_s2/install/rover_control/share/ament_index/resource_index/packages
[2.036s] copying package.xml -> /root/AnkitKumar_horizon_s2/install/rover_control/share/rover_control
[2.037s] running install_egg_info
[2.040s] Copying ../../../../build/rover_control/rover_control.egg-info to /root/AnkitKumar_horizon_s2/install/rover_control/lib/python3.10/site-packages/rover_control-0.0.1-py3.10.egg-info
[2.051s] running install_scripts
[2.085s] Installing distance_publisher script to /root/AnkitKumar_horizon_s2/install/rover_control/lib/rover_control
[2.088s] Installing distance_subscriber script to /root/AnkitKumar_horizon_s2/install/rover_control/lib/rover_control
[2.089s] writing list of installed files to '/root/AnkitKumar_horizon_s2/build/rover_control/install.log'
[2.127s] Invoked command in '/root/AnkitKumar_horizon_s2/task3/ros2_ws/src/rover_control' returned '0': PYTHONPATH=/root/AnkitKumar_horizon_s2/build/rover_control/prefix_override:/usr/lib/python3/dist-packages/colcon_core/task/python/colcon_distutils_commands:/root/AnkitKumar_horizon_s2/install/rover_control/lib/python3.10/site-packages:${PYTHONPATH} /usr/bin/python3 -W ignore:setup.py install is deprecated -W ignore:easy_install command is deprecated setup.py egg_info --egg-base ../../../../build/rover_control build --build-base /root/AnkitKumar_horizon_s2/build/rover_control/build install --record /root/AnkitKumar_horizon_s2/build/rover_control/install.log --single-version-externally-managed install_data
