[0.695s] DEBUG:colcon:Command line arguments: ['/usr/bin/colcon', 'build', '--packages-select', 'lv_3']
[0.695s] DEBUG:colcon:Parsed command line arguments: Namespace(log_base=None, log_level=None, verb_name='build', build_base='build', install_base='install', merge_install=False, symlink_install=False, test_result_base=None, continue_on_error=False, executor='parallel', parallel_workers=8, event_handlers=None, ignore_user_meta=False, metas=['./colcon.meta'], base_paths=['.'], packages_ignore=None, packages_ignore_regex=None, paths=None, packages_up_to=None, packages_up_to_regex=None, packages_above=None, packages_above_and_dependencies=None, packages_above_depth=None, packages_select_by_dep=None, packages_skip_by_dep=None, packages_skip_up_to=None, packages_select_build_failed=False, packages_skip_build_finished=False, packages_select_test_failures=False, packages_skip_test_passed=False, packages_select=['lv_3'], packages_skip=None, packages_select_regex=None, packages_skip_regex=None, packages_start=None, packages_end=None, allow_overriding=[], cmake_args=None, cmake_target=None, cmake_target_skip_unavailable=False, cmake_clean_cache=False, cmake_clean_first=False, cmake_force_configure=False, ament_cmake_args=None, catkin_cmake_args=None, catkin_skip_building_tests=False, verb_parser=<colcon_defaults.argument_parser.defaults.DefaultArgumentsDecorator object at 0x7539d2b27730>, verb_extension=<colcon_core.verb.build.BuildVerb object at 0x7539d2b27070>, main=<bound method BuildVerb.main of <colcon_core.verb.build.BuildVerb object at 0x7539d2b27070>>)
[1.200s] Level 1:colcon.colcon_core.package_discovery:discover_packages(colcon_meta) check parameters
[1.200s] Level 1:colcon.colcon_core.package_discovery:discover_packages(recursive) check parameters
[1.200s] Level 1:colcon.colcon_core.package_discovery:discover_packages(ignore) check parameters
[1.200s] Level 1:colcon.colcon_core.package_discovery:discover_packages(path) check parameters
[1.200s] Level 1:colcon.colcon_core.package_discovery:discover_packages(colcon_meta) discover
[1.201s] Level 1:colcon.colcon_core.package_discovery:discover_packages(recursive) discover
[1.201s] INFO:colcon.colcon_core.package_discovery:Crawling recursively for packages in '/root/AnkitKumar_horizon_s2/task3/ros2_ws'
[1.201s] Level 1:colcon.colcon_core.package_identification:_identify(.) by extensions ['ignore', 'ignore_ament_install']
[1.201s] Level 1:colcon.colcon_core.package_identification:_identify(.) by extension 'ignore'
[1.201s] Level 1:colcon.colcon_core.package_identification:_identify(.) by extension 'ignore_ament_install'
[1.201s] Level 1:colcon.colcon_core.package_identification:_identify(.) by extensions ['colcon_pkg']
[1.201s] Level 1:colcon.colcon_core.package_identification:_identify(.) by extension 'colcon_pkg'
[1.201s] Level 1:colcon.colcon_core.package_identification:_identify(.) by extensions ['colcon_meta']
[1.201s] Level 1:colcon.colcon_core.package_identification:_identify(.) by extension 'colcon_meta'
[1.201s] Level 1:colcon.colcon_core.package_identification:_identify(.) by extensions ['ros']
[1.201s] Level 1:colcon.colcon_core.package_identification:_identify(.) by extension 'ros'
[1.221s] Level 1:colcon.colcon_core.package_identification:_identify(.) by extensions ['cmake', 'python']
[1.221s] Level 1:colcon.colcon_core.package_identification:_identify(.) by extension 'cmake'
[1.221s] Level 1:colcon.colcon_core.package_identification:_identify(.) by extension 'python'
[1.221s] Level 1:colcon.colcon_core.package_identification:_identify(.) by extensions ['python_setup_py']
[1.221s] Level 1:colcon.colcon_core.package_identification:_identify(.) by extension 'python_setup_py'
[1.221s] Level 1:colcon.colcon_core.package_identification:_identify(build) by extensions ['ignore', 'ignore_ament_install']
[1.221s] Level 1:colcon.colcon_core.package_identification:_identify(build) by extension 'ignore'
[1.221s] Level 1:colcon.colcon_core.package_identification:_identify(build) ignored
[1.221s] Level 1:colcon.colcon_core.package_identification:_identify(install) by extensions ['ignore', 'ignore_ament_install']
[1.222s] Level 1:colcon.colcon_core.package_identification:_identify(install) by extension 'ignore'
[1.222s] Level 1:colcon.colcon_core.package_identification:_identify(install) ignored
[1.222s] Level 1:colcon.colcon_core.package_identification:_identify(log) by extensions ['ignore', 'ignore_ament_install']
[1.222s] Level 1:colcon.colcon_core.package_identification:_identify(log) by extension 'ignore'
[1.222s] Level 1:colcon.colcon_core.package_identification:_identify(log) ignored
[1.222s] Level 1:colcon.colcon_core.package_identification:_identify(src) by extensions ['ignore', 'ignore_ament_install']
[1.222s] Level 1:colcon.colcon_core.package_identification:_identify(src) by extension 'ignore'
[1.222s] Level 1:colcon.colcon_core.package_identification:_identify(src) by extension 'ignore_ament_install'
[1.222s] Level 1:colcon.colcon_core.package_identification:_identify(src) by extensions ['colcon_pkg']
[1.222s] Level 1:colcon.colcon_core.package_identification:_identify(src) by extension 'colcon_pkg'
[1.222s] Level 1:colcon.colcon_core.package_identification:_identify(src) by extensions ['colcon_meta']
[1.222s] Level 1:colcon.colcon_core.package_identification:_identify(src) by extension 'colcon_meta'
[1.222s] Level 1:colcon.colcon_core.package_identification:_identify(src) by extensions ['ros']
[1.222s] Level 1:colcon.colcon_core.package_identification:_identify(src) by extension 'ros'
[1.222s] Level 1:colcon.colcon_core.package_identification:_identify(src) by extensions ['cmake', 'python']
[1.222s] Level 1:colcon.colcon_core.package_identification:_identify(src) by extension 'cmake'
[1.222s] Level 1:colcon.colcon_core.package_identification:_identify(src) by extension 'python'
[1.222s] Level 1:colcon.colcon_core.package_identification:_identify(src) by extensions ['python_setup_py']
[1.222s] Level 1:colcon.colcon_core.package_identification:_identify(src) by extension 'python_setup_py'
[1.223s] Level 1:colcon.colcon_core.package_identification:_identify(src/bonus_rover_task) by extensions ['ignore', 'ignore_ament_install']
[1.223s] Level 1:colcon.colcon_core.package_identification:_identify(src/bonus_rover_task) by extension 'ignore'
[1.223s] Level 1:colcon.colcon_core.package_identification:_identify(src/bonus_rover_task) by extension 'ignore_ament_install'
[1.223s] Level 1:colcon.colcon_core.package_identification:_identify(src/bonus_rover_task) by extensions ['colcon_pkg']
[1.223s] Level 1:colcon.colcon_core.package_identification:_identify(src/bonus_rover_task) by extension 'colcon_pkg'
[1.223s] Level 1:colcon.colcon_core.package_identification:_identify(src/bonus_rover_task) by extensions ['colcon_meta']
[1.223s] Level 1:colcon.colcon_core.package_identification:_identify(src/bonus_rover_task) by extension 'colcon_meta'
[1.224s] Level 1:colcon.colcon_core.package_identification:_identify(src/bonus_rover_task) by extensions ['ros']
[1.224s] Level 1:colcon.colcon_core.package_identification:_identify(src/bonus_rover_task) by extension 'ros'
[1.230s] DEBUG:colcon.colcon_core.package_identification:Package 'src/bonus_rover_task' with type 'ros.ament_python' and name 'bonus_rover_task'
[1.230s] Level 1:colcon.colcon_core.package_identification:_identify(src/lv_3) by extensions ['ignore', 'ignore_ament_install']
[1.230s] Level 1:colcon.colcon_core.package_identification:_identify(src/lv_3) by extension 'ignore'
[1.230s] Level 1:colcon.colcon_core.package_identification:_identify(src/lv_3) by extension 'ignore_ament_install'
[1.230s] Level 1:colcon.colcon_core.package_identification:_identify(src/lv_3) by extensions ['colcon_pkg']
[1.230s] Level 1:colcon.colcon_core.package_identification:_identify(src/lv_3) by extension 'colcon_pkg'
[1.230s] Level 1:colcon.colcon_core.package_identification:_identify(src/lv_3) by extensions ['colcon_meta']
[1.230s] Level 1:colcon.colcon_core.package_identification:_identify(src/lv_3) by extension 'colcon_meta'
[1.231s] Level 1:colcon.colcon_core.package_identification:_identify(src/lv_3) by extensions ['ros']
[1.231s] Level 1:colcon.colcon_core.package_identification:_identify(src/lv_3) by extension 'ros'
[1.232s] DEBUG:colcon.colcon_core.package_identification:Package 'src/lv_3' with type 'ros.ament_python' and name 'lv_3'
[1.232s] Level 1:colcon.colcon_core.package_discovery:discover_packages(recursive) using defaults
[1.232s] Level 1:colcon.colcon_core.package_discovery:discover_packages(ignore) discover
[1.232s] Level 1:colcon.colcon_core.package_discovery:discover_packages(ignore) using defaults
[1.232s] Level 1:colcon.colcon_core.package_discovery:discover_packages(path) discover
[1.232s] Level 1:colcon.colcon_core.package_discovery:discover_packages(path) using defaults
[1.281s] INFO:colcon.colcon_core.package_selection:Skipping not selected package 'bonus_rover_task' in 'src/bonus_rover_task'
[1.283s] Level 1:colcon.colcon_core.package_discovery:discover_packages(prefix_path) check parameters
[1.283s] Level 1:colcon.colcon_core.package_discovery:discover_packages(prefix_path) discover
[1.287s] WARNING:colcon.colcon_ros.prefix_path.ament:The path '/root/AnkitKumar_horizon_s2/task3/ros2_ws/install/bonus_rover_task' in the environment variable AMENT_PREFIX_PATH doesn't exist
[1.287s] WARNING:colcon.colcon_ros.prefix_path.ament:The path '/root/AnkitKumar_horizon_s2/task3/ros2_ws/install/rover_control' in the environment variable AMENT_PREFIX_PATH doesn't exist
[1.290s] DEBUG:colcon.colcon_installed_package_information.package_discovery:Found 0 installed packages in /root/AnkitKumar_horizon_s2/task3/ros2_ws/install
[1.292s] DEBUG:colcon.colcon_installed_package_information.package_discovery:Found 1 installed packages in /root/AnkitKumar_horizon_s2/install
[1.296s] DEBUG:colcon.colcon_installed_package_information.package_discovery:Found 273 installed packages in /opt/ros/humble
[1.300s] Level 1:colcon.colcon_core.package_discovery:discover_packages(prefix_path) using defaults
[1.514s] Level 5:colcon.colcon_core.verb:set package 'lv_3' build argument 'cmake_args' from command line to 'None'
[1.515s] Level 5:colcon.colcon_core.verb:set package 'lv_3' build argument 'cmake_target' from command line to 'None'
[1.515s] Level 5:colcon.colcon_core.verb:set package 'lv_3' build argument 'cmake_target_skip_unavailable' from command line to 'False'
[1.515s] Level 5:colcon.colcon_core.verb:set package 'lv_3' build argument 'cmake_clean_cache' from command line to 'False'
[1.515s] Level 5:colcon.colcon_core.verb:set package 'lv_3' build argument 'cmake_clean_first' from command line to 'False'
[1.515s] Level 5:colcon.colcon_core.verb:set package 'lv_3' build argument 'cmake_force_configure' from command line to 'False'
[1.515s] Level 5:colcon.colcon_core.verb:set package 'lv_3' build argument 'ament_cmake_args' from command line to 'None'
[1.515s] Level 5:colcon.colcon_core.verb:set package 'lv_3' build argument 'catkin_cmake_args' from command line to 'None'
[1.515s] Level 5:colcon.colcon_core.verb:set package 'lv_3' build argument 'catkin_skip_building_tests' from command line to 'False'
[1.515s] DEBUG:colcon.colcon_core.verb:Building package 'lv_3' with the following arguments: {'ament_cmake_args': None, 'build_base': '/root/AnkitKumar_horizon_s2/task3/ros2_ws/build/lv_3', 'catkin_cmake_args': None, 'catkin_skip_building_tests': False, 'cmake_args': None, 'cmake_clean_cache': False, 'cmake_clean_first': False, 'cmake_force_configure': False, 'cmake_target': None, 'cmake_target_skip_unavailable': False, 'install_base': '/root/AnkitKumar_horizon_s2/task3/ros2_ws/install/lv_3', 'merge_install': False, 'path': '/root/AnkitKumar_horizon_s2/task3/ros2_ws/src/lv_3', 'symlink_install': False, 'test_result_base': None}
[1.515s] INFO:colcon.colcon_core.executor:Executing jobs using 'parallel' executor
[1.519s] DEBUG:colcon.colcon_parallel_executor.executor.parallel:run_until_complete
[1.521s] INFO:colcon.colcon_ros.task.ament_python.build:Building ROS package in '/root/AnkitKumar_horizon_s2/task3/ros2_ws/src/lv_3' with build type 'ament_python'
[1.522s] Level 1:colcon.colcon_core.shell:create_environment_hook('lv_3', 'ament_prefix_path')
[1.535s] INFO:colcon.colcon_core.plugin_system:Skipping extension 'colcon_core.shell.bat': Not used on non-Windows systems
[1.535s] INFO:colcon.colcon_core.shell:Creating environment hook '/root/AnkitKumar_horizon_s2/task3/ros2_ws/install/lv_3/share/lv_3/hook/ament_prefix_path.ps1'
[1.538s] INFO:colcon.colcon_core.shell:Creating environment descriptor '/root/AnkitKumar_horizon_s2/task3/ros2_ws/install/lv_3/share/lv_3/hook/ament_prefix_path.dsv'
[1.539s] INFO:colcon.colcon_core.shell:Creating environment hook '/root/AnkitKumar_horizon_s2/task3/ros2_ws/install/lv_3/share/lv_3/hook/ament_prefix_path.sh'
[1.541s] INFO:colcon.colcon_core.shell:Skip shell extension 'powershell' for command environment: Not usable outside of PowerShell
[1.541s] DEBUG:colcon.colcon_core.shell:Skip shell extension 'dsv' for command environment
[1.951s] INFO:colcon.colcon_core.task.python.build:Building Python package in '/root/AnkitKumar_horizon_s2/task3/ros2_ws/src/lv_3'
[1.952s] INFO:colcon.colcon_core.shell:Skip shell extension 'powershell' for command environment: Not usable outside of PowerShell
[1.952s] DEBUG:colcon.colcon_core.shell:Skip shell extension 'dsv' for command environment
[2.694s] DEBUG:colcon.colcon_core.event_handler.log_command:Invoking command in '/root/AnkitKumar_horizon_s2/task3/ros2_ws/src/lv_3': PYTHONPATH=/root/AnkitKumar_horizon_s2/task3/ros2_ws/build/lv_3/prefix_override:/usr/lib/python3/dist-packages/colcon_core/task/python/colcon_distutils_commands:/root/AnkitKumar_horizon_s2/task3/ros2_ws/install/lv_3/lib/python3.10/site-packages:${PYTHONPATH} /usr/bin/python3 -W ignore:setup.py install is deprecated -W ignore:easy_install command is deprecated setup.py egg_info --egg-base ../../build/lv_3 build --build-base /root/AnkitKumar_horizon_s2/task3/ros2_ws/build/lv_3/build install --record /root/AnkitKumar_horizon_s2/task3/ros2_ws/build/lv_3/install.log --single-version-externally-managed install_data
[3.019s] DEBUG:colcon.colcon_core.event_handler.log_command:Invoked command in '/root/AnkitKumar_horizon_s2/task3/ros2_ws/src/lv_3' returned '0': PYTHONPATH=/root/AnkitKumar_horizon_s2/task3/ros2_ws/build/lv_3/prefix_override:/usr/lib/python3/dist-packages/colcon_core/task/python/colcon_distutils_commands:/root/AnkitKumar_horizon_s2/task3/ros2_ws/install/lv_3/lib/python3.10/site-packages:${PYTHONPATH} /usr/bin/python3 -W ignore:setup.py install is deprecated -W ignore:easy_install command is deprecated setup.py egg_info --egg-base ../../build/lv_3 build --build-base /root/AnkitKumar_horizon_s2/task3/ros2_ws/build/lv_3/build install --record /root/AnkitKumar_horizon_s2/task3/ros2_ws/build/lv_3/install.log --single-version-externally-managed install_data
[3.030s] Level 1:colcon.colcon_core.environment:checking '/root/AnkitKumar_horizon_s2/task3/ros2_ws/install/lv_3' for CMake module files
[3.033s] Level 1:colcon.colcon_core.environment:checking '/root/AnkitKumar_horizon_s2/task3/ros2_ws/install/lv_3' for CMake config files
[3.033s] Level 1:colcon.colcon_core.environment:checking '/root/AnkitKumar_horizon_s2/task3/ros2_ws/install/lv_3/lib'
[3.033s] Level 1:colcon.colcon_core.environment:checking '/root/AnkitKumar_horizon_s2/task3/ros2_ws/install/lv_3/bin'
[3.034s] Level 1:colcon.colcon_core.environment:checking '/root/AnkitKumar_horizon_s2/task3/ros2_ws/install/lv_3/lib/pkgconfig/lv_3.pc'
[3.034s] Level 1:colcon.colcon_core.environment:checking '/root/AnkitKumar_horizon_s2/task3/ros2_ws/install/lv_3/lib/python3.10/site-packages'
[3.034s] Level 1:colcon.colcon_core.shell:create_environment_hook('lv_3', 'pythonpath')
[3.034s] INFO:colcon.colcon_core.shell:Creating environment hook '/root/AnkitKumar_horizon_s2/task3/ros2_ws/install/lv_3/share/lv_3/hook/pythonpath.ps1'
[3.035s] INFO:colcon.colcon_core.shell:Creating environment descriptor '/root/AnkitKumar_horizon_s2/task3/ros2_ws/install/lv_3/share/lv_3/hook/pythonpath.dsv'
[3.035s] INFO:colcon.colcon_core.shell:Creating environment hook '/root/AnkitKumar_horizon_s2/task3/ros2_ws/install/lv_3/share/lv_3/hook/pythonpath.sh'
[3.036s] Level 1:colcon.colcon_core.environment:checking '/root/AnkitKumar_horizon_s2/task3/ros2_ws/install/lv_3/bin'
[3.036s] Level 1:colcon.colcon_core.environment:create_environment_scripts_only(lv_3)
[3.037s] INFO:colcon.colcon_core.shell:Creating package script '/root/AnkitKumar_horizon_s2/task3/ros2_ws/install/lv_3/share/lv_3/package.ps1'
[3.038s] INFO:colcon.colcon_core.shell:Creating package descriptor '/root/AnkitKumar_horizon_s2/task3/ros2_ws/install/lv_3/share/lv_3/package.dsv'
[3.039s] INFO:colcon.colcon_core.shell:Creating package script '/root/AnkitKumar_horizon_s2/task3/ros2_ws/install/lv_3/share/lv_3/package.sh'
[3.041s] INFO:colcon.colcon_core.shell:Creating package script '/root/AnkitKumar_horizon_s2/task3/ros2_ws/install/lv_3/share/lv_3/package.bash'
[3.042s] INFO:colcon.colcon_core.shell:Creating package script '/root/AnkitKumar_horizon_s2/task3/ros2_ws/install/lv_3/share/lv_3/package.zsh'
[3.044s] Level 1:colcon.colcon_core.environment:create_file_with_runtime_dependencies(/root/AnkitKumar_horizon_s2/task3/ros2_ws/install/lv_3/share/colcon-core/packages/lv_3)
[3.046s] DEBUG:colcon.colcon_parallel_executor.executor.parallel:closing loop
[3.047s] DEBUG:colcon.colcon_parallel_executor.executor.parallel:loop closed
[3.047s] DEBUG:colcon.colcon_parallel_executor.executor.parallel:run_until_complete finished with '0'
[3.047s] DEBUG:colcon.colcon_core.event_reactor:joining thread
[3.272s] INFO:colcon.colcon_core.plugin_system:Skipping extension 'colcon_notification.desktop_notification.notify_send': Could not find 'notify-send'
[3.272s] INFO:colcon.colcon_core.plugin_system:Skipping extension 'colcon_notification.desktop_notification.terminal_notifier': Not used on non-Darwin systems
[3.272s] INFO:colcon.colcon_core.plugin_system:Skipping extension 'colcon_notification.desktop_notification.win32': Not used on non-Windows systems
[3.272s] INFO:colcon.colcon_notification.desktop_notification:Sending desktop notification using 'notify2'
[3.273s] DEBUG:colcon.colcon_notification.desktop_notification.notify2:Failed to initialize notify2: org.freedesktop.DBus.Error.FileNotFound: Failed to connect to socket /run/user/0/bus: No such file or directory
[3.273s] DEBUG:colcon.colcon_core.event_reactor:joined thread
[3.274s] INFO:colcon.colcon_core.shell:Creating prefix script '/root/AnkitKumar_horizon_s2/task3/ros2_ws/install/local_setup.ps1'
[3.276s] INFO:colcon.colcon_core.shell:Creating prefix util module '/root/AnkitKumar_horizon_s2/task3/ros2_ws/install/_local_setup_util_ps1.py'
[3.280s] INFO:colcon.colcon_core.shell:Creating prefix chain script '/root/AnkitKumar_horizon_s2/task3/ros2_ws/install/setup.ps1'
[3.282s] INFO:colcon.colcon_core.shell:Creating prefix script '/root/AnkitKumar_horizon_s2/task3/ros2_ws/install/local_setup.sh'
[3.284s] INFO:colcon.colcon_core.shell:Creating prefix util module '/root/AnkitKumar_horizon_s2/task3/ros2_ws/install/_local_setup_util_sh.py'
[3.286s] INFO:colcon.colcon_core.shell:Creating prefix chain script '/root/AnkitKumar_horizon_s2/task3/ros2_ws/install/setup.sh'
[3.288s] INFO:colcon.colcon_core.shell:Creating prefix script '/root/AnkitKumar_horizon_s2/task3/ros2_ws/install/local_setup.bash'
[3.290s] INFO:colcon.colcon_core.shell:Creating prefix chain script '/root/AnkitKumar_horizon_s2/task3/ros2_ws/install/setup.bash'
[3.292s] INFO:colcon.colcon_core.shell:Creating prefix script '/root/AnkitKumar_horizon_s2/task3/ros2_ws/install/local_setup.zsh'
[3.294s] INFO:colcon.colcon_core.shell:Creating prefix chain script '/root/AnkitKumar_horizon_s2/task3/ros2_ws/install/setup.zsh'
