running egg_info
creating ../../build/bonus_rover_task/bonus_rover_task.egg-info
writing ../../build/bonus_rover_task/bonus_rover_task.egg-info/PKG-INFO
writing dependency_links to ../../build/bonus_rover_task/bonus_rover_task.egg-info/dependency_links.txt
writing entry points to ../../build/bonus_rover_task/bonus_rover_task.egg-info/entry_points.txt
writing requirements to ../../build/bonus_rover_task/bonus_rover_task.egg-info/requires.txt
writing top-level names to ../../build/bonus_rover_task/bonus_rover_task.egg-info/top_level.txt
writing manifest file '../../build/bonus_rover_task/bonus_rover_task.egg-info/SOURCES.txt'
reading manifest file '../../build/bonus_rover_task/bonus_rover_task.egg-info/SOURCES.txt'
writing manifest file '../../build/bonus_rover_task/bonus_rover_task.egg-info/SOURCES.txt'
running build
running build_py
creating /root/AnkitKumar_horizon_s2/task3/ros2_ws/build/bonus_rover_task/build
creating /root/AnkitKumar_horizon_s2/task3/ros2_ws/build/bonus_rover_task/build/lib
creating /root/AnkitKumar_horizon_s2/task3/ros2_ws/build/bonus_rover_task/build/lib/bonus_rover_task
copying bonus_rover_task/sensor_node.py -> /root/AnkitKumar_horizon_s2/task3/ros2_ws/build/bonus_rover_task/build/lib/bonus_rover_task
copying bonus_rover_task/__init__.py -> /root/AnkitKumar_horizon_s2/task3/ros2_ws/build/bonus_rover_task/build/lib/bonus_rover_task
copying bonus_rover_task/listener_node.py -> /root/AnkitKumar_horizon_s2/task3/ros2_ws/build/bonus_rover_task/build/lib/bonus_rover_task
copying bonus_rover_task/decision_node.py -> /root/AnkitKumar_horizon_s2/task3/ros2_ws/build/bonus_rover_task/build/lib/bonus_rover_task
running install
running install_lib
creating /root/AnkitKumar_horizon_s2/task3/ros2_ws/install/bonus_rover_task/lib/python3.10/site-packages/bonus_rover_task
copying /root/AnkitKumar_horizon_s2/task3/ros2_ws/build/bonus_rover_task/build/lib/bonus_rover_task/sensor_node.py -> /root/AnkitKumar_horizon_s2/task3/ros2_ws/install/bonus_rover_task/lib/python3.10/site-packages/bonus_rover_task
copying /root/AnkitKumar_horizon_s2/task3/ros2_ws/build/bonus_rover_task/build/lib/bonus_rover_task/__init__.py -> /root/AnkitKumar_horizon_s2/task3/ros2_ws/install/bonus_rover_task/lib/python3.10/site-packages/bonus_rover_task
copying /root/AnkitKumar_horizon_s2/task3/ros2_ws/build/bonus_rover_task/build/lib/bonus_rover_task/listener_node.py -> /root/AnkitKumar_horizon_s2/task3/ros2_ws/install/bonus_rover_task/lib/python3.10/site-packages/bonus_rover_task
copying /root/AnkitKumar_horizon_s2/task3/ros2_ws/build/bonus_rover_task/build/lib/bonus_rover_task/decision_node.py -> /root/AnkitKumar_horizon_s2/task3/ros2_ws/install/bonus_rover_task/lib/python3.10/site-packages/bonus_rover_task
byte-compiling /root/AnkitKumar_horizon_s2/task3/ros2_ws/install/bonus_rover_task/lib/python3.10/site-packages/bonus_rover_task/sensor_node.py to sensor_node.cpython-310.pyc
byte-compiling /root/AnkitKumar_horizon_s2/task3/ros2_ws/install/bonus_rover_task/lib/python3.10/site-packages/bonus_rover_task/__init__.py to __init__.cpython-310.pyc
byte-compiling /root/AnkitKumar_horizon_s2/task3/ros2_ws/install/bonus_rover_task/lib/python3.10/site-packages/bonus_rover_task/listener_node.py to listener_node.cpython-310.pyc
byte-compiling /root/AnkitKumar_horizon_s2/task3/ros2_ws/install/bonus_rover_task/lib/python3.10/site-packages/bonus_rover_task/decision_node.py to decision_node.cpython-310.pyc
running install_data
creating /root/AnkitKumar_horizon_s2/task3/ros2_ws/install/bonus_rover_task/share/ament_index
creating /root/AnkitKumar_horizon_s2/task3/ros2_ws/install/bonus_rover_task/share/ament_index/resource_index
creating /root/AnkitKumar_horizon_s2/task3/ros2_ws/install/bonus_rover_task/share/ament_index/resource_index/packages
copying resource/bonus_rover_task -> /root/AnkitKumar_horizon_s2/task3/ros2_ws/install/bonus_rover_task/share/ament_index/resource_index/packages
copying package.xml -> /root/AnkitKumar_horizon_s2/task3/ros2_ws/install/bonus_rover_task/share/bonus_rover_task
running install_egg_info
Copying ../../build/bonus_rover_task/bonus_rover_task.egg-info to /root/AnkitKumar_horizon_s2/task3/ros2_ws/install/bonus_rover_task/lib/python3.10/site-packages/bonus_rover_task-0.0.0-py3.10.egg-info
running install_scripts
Installing decision_node script to /root/AnkitKumar_horizon_s2/task3/ros2_ws/install/bonus_rover_task/lib/bonus_rover_task
Installing listener_node script to /root/AnkitKumar_horizon_s2/task3/ros2_ws/install/bonus_rover_task/lib/bonus_rover_task
Installing sensor_node script to /root/AnkitKumar_horizon_s2/task3/ros2_ws/install/bonus_rover_task/lib/bonus_rover_task
writing list of installed files to '/root/AnkitKumar_horizon_s2/task3/ros2_ws/build/bonus_rover_task/install.log'
