[2.440s] Invoking command in '/root/AnkitKumar_horizon_s2/task3/ros2_ws/src/rover_control': PYTHONPATH=/root/AnkitKumar_horizon_s2/task3/ros2_ws/build/rover_control/prefix_override:/usr/lib/python3/dist-packages/colcon_core/task/python/colcon_distutils_commands:/root/AnkitKumar_horizon_s2/task3/ros2_ws/install/rover_control/lib/python3.10/site-packages:${PYTHONPATH} /usr/bin/python3 -W ignore:setup.py install is deprecated -W ignore:easy_install command is deprecated setup.py egg_info --egg-base ../../build/rover_control build --build-base /root/AnkitKumar_horizon_s2/task3/ros2_ws/build/rover_control/build install --record /root/AnkitKumar_horizon_s2/task3/ros2_ws/build/rover_control/install.log --single-version-externally-managed install_data
[2.811s] running egg_info
[2.814s] writing ../../build/rover_control/rover_control.egg-info/PKG-INFO
[2.818s] writing dependency_links to ../../build/rover_control/rover_control.egg-info/dependency_links.txt
[2.821s] writing entry points to ../../build/rover_control/rover_control.egg-info/entry_points.txt
[2.824s] writing requirements to ../../build/rover_control/rover_control.egg-info/requires.txt
[2.824s] writing top-level names to ../../build/rover_control/rover_control.egg-info/top_level.txt
[2.831s] reading manifest file '../../build/rover_control/rover_control.egg-info/SOURCES.txt'
[2.833s] writing manifest file '../../build/rover_control/rover_control.egg-info/SOURCES.txt'
[2.835s] running build
[2.836s] running build_py
[2.837s] copying rover_control/listener_node.py -> /root/AnkitKumar_horizon_s2/task3/ros2_ws/build/rover_control/build/lib/rover_control
[2.839s] running install
[2.839s] running install_lib
[2.841s] copying /root/AnkitKumar_horizon_s2/task3/ros2_ws/build/rover_control/build/lib/rover_control/listener_node.py -> /root/AnkitKumar_horizon_s2/task3/ros2_ws/install/rover_control/lib/python3.10/site-packages/rover_control
[2.846s] byte-compiling /root/AnkitKumar_horizon_s2/task3/ros2_ws/install/rover_control/lib/python3.10/site-packages/rover_control/listener_node.py to listener_node.cpython-310.pyc
[2.849s] running install_data
[2.850s] running install_egg_info
[2.858s] removing '/root/AnkitKumar_horizon_s2/task3/ros2_ws/install/rover_control/lib/python3.10/site-packages/rover_control-0.0.0-py3.10.egg-info' (and everything under it)
[2.865s] Copying ../../build/rover_control/rover_control.egg-info to /root/AnkitKumar_horizon_s2/task3/ros2_ws/install/rover_control/lib/python3.10/site-packages/rover_control-0.0.0-py3.10.egg-info
[2.878s] running install_scripts
[2.934s] Installing decision_node script to /root/AnkitKumar_horizon_s2/task3/ros2_ws/install/rover_control/lib/rover_control
[2.935s] Installing listener_node script to /root/AnkitKumar_horizon_s2/task3/ros2_ws/install/rover_control/lib/rover_control
[2.936s] Installing sensor_node script to /root/AnkitKumar_horizon_s2/task3/ros2_ws/install/rover_control/lib/rover_control
[2.937s] writing list of installed files to '/root/AnkitKumar_horizon_s2/task3/ros2_ws/build/rover_control/install.log'
[3.004s] Invoked command in '/root/AnkitKumar_horizon_s2/task3/ros2_ws/src/rover_control' returned '0': PYTHONPATH=/root/AnkitKumar_horizon_s2/task3/ros2_ws/build/rover_control/prefix_override:/usr/lib/python3/dist-packages/colcon_core/task/python/colcon_distutils_commands:/root/AnkitKumar_horizon_s2/task3/ros2_ws/install/rover_control/lib/python3.10/site-packages:${PYTHONPATH} /usr/bin/python3 -W ignore:setup.py install is deprecated -W ignore:easy_install command is deprecated setup.py egg_info --egg-base ../../build/rover_control build --build-base /root/AnkitKumar_horizon_s2/task3/ros2_ws/build/rover_control/build install --record /root/AnkitKumar_horizon_s2/task3/ros2_ws/build/rover_control/install.log --single-version-externally-managed install_data
