[2.753s] Invoking command in '/root/AnkitKumar_horizon_s2/task3/ros2_ws/src/rover_control': PYTHONPATH=/root/AnkitKumar_horizon_s2/task3/ros2_ws/build/rover_control/prefix_override:/usr/lib/python3/dist-packages/colcon_core/task/python/colcon_distutils_commands:/root/AnkitKumar_horizon_s2/task3/ros2_ws/install/rover_control/lib/python3.10/site-packages:${PYTHONPATH} /usr/bin/python3 -W ignore:setup.py install is deprecated -W ignore:easy_install command is deprecated setup.py egg_info --egg-base ../../build/rover_control build --build-base /root/AnkitKumar_horizon_s2/task3/ros2_ws/build/rover_control/build install --record /root/AnkitKumar_horizon_s2/task3/ros2_ws/build/rover_control/install.log --single-version-externally-managed install_data
[3.174s] running egg_info
[3.178s] writing ../../build/rover_control/rover_control.egg-info/PKG-INFO
[3.178s] writing dependency_links to ../../build/rover_control/rover_control.egg-info/dependency_links.txt
[3.179s] writing entry points to ../../build/rover_control/rover_control.egg-info/entry_points.txt
[3.180s] writing requirements to ../../build/rover_control/rover_control.egg-info/requires.txt
[3.180s] writing top-level names to ../../build/rover_control/rover_control.egg-info/top_level.txt
[3.186s] reading manifest file '../../build/rover_control/rover_control.egg-info/SOURCES.txt'
[3.189s] writing manifest file '../../build/rover_control/rover_control.egg-info/SOURCES.txt'
[3.190s] running build
[3.190s] running build_py
[3.191s] running install
[3.192s] running install_lib
[3.195s] running install_data
[3.196s] running install_egg_info
[3.199s] removing '/root/AnkitKumar_horizon_s2/task3/ros2_ws/install/rover_control/lib/python3.10/site-packages/rover_control-0.0.0-py3.10.egg-info' (and everything under it)
[3.203s] Copying ../../build/rover_control/rover_control.egg-info to /root/AnkitKumar_horizon_s2/task3/ros2_ws/install/rover_control/lib/python3.10/site-packages/rover_control-0.0.0-py3.10.egg-info
[3.206s] running install_scripts
[3.244s] Installing decision_node script to /root/AnkitKumar_horizon_s2/task3/ros2_ws/install/rover_control/lib/rover_control
[3.245s] Installing listener_node script to /root/AnkitKumar_horizon_s2/task3/ros2_ws/install/rover_control/lib/rover_control
[3.246s] Installing sensor_node script to /root/AnkitKumar_horizon_s2/task3/ros2_ws/install/rover_control/lib/rover_control
[3.246s] writing list of installed files to '/root/AnkitKumar_horizon_s2/task3/ros2_ws/build/rover_control/install.log'
[3.336s] Invoked command in '/root/AnkitKumar_horizon_s2/task3/ros2_ws/src/rover_control' returned '0': PYTHONPATH=/root/AnkitKumar_horizon_s2/task3/ros2_ws/build/rover_control/prefix_override:/usr/lib/python3/dist-packages/colcon_core/task/python/colcon_distutils_commands:/root/AnkitKumar_horizon_s2/task3/ros2_ws/install/rover_control/lib/python3.10/site-packages:${PYTHONPATH} /usr/bin/python3 -W ignore:setup.py install is deprecated -W ignore:easy_install command is deprecated setup.py egg_info --egg-base ../../build/rover_control build --build-base /root/AnkitKumar_horizon_s2/task3/ros2_ws/build/rover_control/build install --record /root/AnkitKumar_horizon_s2/task3/ros2_ws/build/rover_control/install.log --single-version-externally-managed install_data
