[2.771s] Invoking command in '/root/AnkitKumar_horizon_s2/task3/ros2_ws/src/bonus_rover_task': PYTHONPATH=/root/AnkitKumar_horizon_s2/task3/ros2_ws/build/bonus_rover_task/prefix_override:/usr/lib/python3/dist-packages/colcon_core/task/python/colcon_distutils_commands:/root/AnkitKumar_horizon_s2/task3/ros2_ws/install/bonus_rover_task/lib/python3.10/site-packages:${PYTHONPATH} /usr/bin/python3 -W ignore:setup.py install is deprecated -W ignore:easy_install command is deprecated setup.py egg_info --egg-base ../../build/bonus_rover_task build --build-base /root/AnkitKumar_horizon_s2/task3/ros2_ws/build/bonus_rover_task/build install --record /root/AnkitKumar_horizon_s2/task3/ros2_ws/build/bonus_rover_task/install.log --single-version-externally-managed install_data
[3.202s] running egg_info
[3.203s] writing ../../build/bonus_rover_task/bonus_rover_task.egg-info/PKG-INFO
[3.204s] writing dependency_links to ../../build/bonus_rover_task/bonus_rover_task.egg-info/dependency_links.txt
[3.205s] writing entry points to ../../build/bonus_rover_task/bonus_rover_task.egg-info/entry_points.txt
[3.205s] writing requirements to ../../build/bonus_rover_task/bonus_rover_task.egg-info/requires.txt
[3.206s] writing top-level names to ../../build/bonus_rover_task/bonus_rover_task.egg-info/top_level.txt
[3.210s] reading manifest file '../../build/bonus_rover_task/bonus_rover_task.egg-info/SOURCES.txt'
[3.213s] writing manifest file '../../build/bonus_rover_task/bonus_rover_task.egg-info/SOURCES.txt'
[3.213s] running build
[3.213s] running build_py
[3.214s] running install
[3.215s] running install_lib
[3.218s] running install_data
[3.218s] running install_egg_info
[3.221s] removing '/root/AnkitKumar_horizon_s2/task3/ros2_ws/install/bonus_rover_task/lib/python3.10/site-packages/bonus_rover_task-0.0.0-py3.10.egg-info' (and everything under it)
[3.222s] Copying ../../build/bonus_rover_task/bonus_rover_task.egg-info to /root/AnkitKumar_horizon_s2/task3/ros2_ws/install/bonus_rover_task/lib/python3.10/site-packages/bonus_rover_task-0.0.0-py3.10.egg-info
[3.224s] running install_scripts
[3.265s] Installing decision_node script to /root/AnkitKumar_horizon_s2/task3/ros2_ws/install/bonus_rover_task/lib/bonus_rover_task
[3.265s] Installing listener_node script to /root/AnkitKumar_horizon_s2/task3/ros2_ws/install/bonus_rover_task/lib/bonus_rover_task
[3.265s] Installing sensor_node script to /root/AnkitKumar_horizon_s2/task3/ros2_ws/install/bonus_rover_task/lib/bonus_rover_task
[3.266s] writing list of installed files to '/root/AnkitKumar_horizon_s2/task3/ros2_ws/build/bonus_rover_task/install.log'
[3.321s] Invoked command in '/root/AnkitKumar_horizon_s2/task3/ros2_ws/src/bonus_rover_task' returned '0': PYTHONPATH=/root/AnkitKumar_horizon_s2/task3/ros2_ws/build/bonus_rover_task/prefix_override:/usr/lib/python3/dist-packages/colcon_core/task/python/colcon_distutils_commands:/root/AnkitKumar_horizon_s2/task3/ros2_ws/install/bonus_rover_task/lib/python3.10/site-packages:${PYTHONPATH} /usr/bin/python3 -W ignore:setup.py install is deprecated -W ignore:easy_install command is deprecated setup.py egg_info --egg-base ../../build/bonus_rover_task build --build-base /root/AnkitKumar_horizon_s2/task3/ros2_ws/build/bonus_rover_task/build install --record /root/AnkitKumar_horizon_s2/task3/ros2_ws/build/bonus_rover_task/install.log --single-version-externally-managed install_data
